/media/disk6/Dropbox/Camera Uploads/2014-04-11 09.47.27.jpg
src = 	/media/disk6/Dropbox/Camera Uploads/2014-04-11 09.47.27.jpg
dest = 	/media/disk1/Photos/2014/04/11 April 2014/2014-04-11 09.47.27.jpg
/media/disk6/Dropbox/Camera Uploads/2014-04-11 08.44.10.mp4
no exif moving to manual sort /media/disk6/Dropbox/Camera Uploads/2014-04-11 08.44.10.mp4
/media/disk6/Dropbox/Camera Uploads/2014-04-11 13.34.08.jpg
src = 	/media/disk6/Dropbox/Camera Uploads/2014-04-11 13.34.08.jpg
dest = 	/media/disk1/Photos/2014/04/11 April 2014/2014-04-11 13.34.08.jpg
/media/disk6/Dropbox/Camera Uploads/2014-04-12 08.09.21.jpg
src = 	/media/disk6/Dropbox/Camera Uploads/2014-04-12 08.09.21.jpg
dest = 	/media/disk1/Photos/2014/04/12 April 2014/2014-04-12 08.09.21.jpg
/media/disk6/Dropbox/Camera Uploads/2014-04-12 08.09.49.jpg
src = 	/media/disk6/Dropbox/Camera Uploads/2014-04-12 08.09.49.jpg
dest = 	/media/disk1/Photos/2014/04/12 April 2014/2014-04-12 08.09.49.jpg
/media/disk6/Dropbox/Camera Uploads/2014-04-12 08.08.31.jpg
src = 	/media/disk6/Dropbox/Camera Uploads/2014-04-12 08.08.31.jpg
dest = 	/media/disk1/Photos/2014/04/12 April 2014/2014-04-12 08.08.31.jpg
/media/disk6/Dropbox/Camera Uploads/2014-04-12 08.10.35.jpg
src = 	/media/disk6/Dropbox/Camera Uploads/2014-04-12 08.10.35.jpg
dest = 	/media/disk1/Photos/2014/04/12 April 2014/2014-04-12 08.10.35.jpg
/media/disk6/Dropbox/Camera Uploads/2014-04-12 08.08.43.jpg
src = 	/media/disk6/Dropbox/Camera Uploads/2014-04-12 08.08.43.jpg
dest = 	/media/disk1/Photos/2014/04/12 April 2014/2014-04-12 08.08.43.jpg
/media/disk6/Dropbox/Camera Uploads/2014-04-11 20.04.00.jpg
src = 	/media/disk6/Dropbox/Camera Uploads/2014-04-11 20.04.00.jpg
dest = 	/media/disk1/Photos/2014/04/11 April 2014/2014-04-11 20.04.00.jpg
/media/disk6/Dropbox/Camera Uploads/IMG_2530.JPG
src = 	/media/disk6/Dropbox/Camera Uploads/IMG_2530.JPG
dest = 	/media/disk1/Photos/2014/04/12 April 2014/IMG_2530.JPG
/media/disk6/Dropbox/Camera Uploads/IMG_2572.JPG
src = 	/media/disk6/Dropbox/Camera Uploads/IMG_2572.JPG
dest = 	/media/disk1/Photos/2014/04/12 April 2014/IMG_2572.JPG
/media/disk6/Dropbox/Camera Uploads/IMG_2545.JPG
src = 	/media/disk6/Dropbox/Camera Uploads/IMG_2545.JPG
dest = 	/media/disk1/Photos/2014/04/12 April 2014/IMG_2545.JPG
/media/disk6/Dropbox/Camera Uploads/IMG_2566.JPG
src = 	/media/disk6/Dropbox/Camera Uploads/IMG_2566.JPG
dest = 	/media/disk1/Photos/2014/04/12 April 2014/IMG_2566.JPG
/media/disk6/Dropbox/Camera Uploads/IMG_2563.JPG
src = 	/media/disk6/Dropbox/Camera Uploads/IMG_2563.JPG
dest = 	/media/disk1/Photos/2014/04/12 April 2014/IMG_2563.JPG
/media/disk6/Dropbox/Camera Uploads/IMG_2529.JPG
src = 	/media/disk6/Dropbox/Camera Uploads/IMG_2529.JPG
dest = 	/media/disk1/Photos/2014/04/12 April 2014/IMG_2529.JPG
/media/disk6/Dropbox/Camera Uploads/IMG_2532.JPG
src = 	/media/disk6/Dropbox/Camera Uploads/IMG_2532.JPG
dest = 	/media/disk1/Photos/2014/04/12 April 2014/IMG_2532.JPG
/media/disk6/Dropbox/Camera Uploads/IMG_2565.JPG
src = 	/media/disk6/Dropbox/Camera Uploads/IMG_2565.JPG
dest = 	/media/disk1/Photos/2014/04/12 April 2014/IMG_2565.JPG
/media/disk6/Dropbox/Camera Uploads/IMG_2574.JPG
src = 	/media/disk6/Dropbox/Camera Uploads/IMG_2574.JPG
dest = 	/media/disk1/Photos/2014/04/12 April 2014/IMG_2574.JPG
/media/disk6/Dropbox/Camera Uploads/IMG_2570.JPG
src = 	/media/disk6/Dropbox/Camera Uploads/IMG_2570.JPG
dest = 	/media/disk1/Photos/2014/04/12 April 2014/IMG_2570.JPG
/media/disk6/Dropbox/Camera Uploads/IMG_2538.JPG
src = 	/media/disk6/Dropbox/Camera Uploads/IMG_2538.JPG
dest = 	/media/disk1/Photos/2014/04/12 April 2014/IMG_2538.JPG
/media/disk6/Dropbox/Camera Uploads/IMG_2525.JPG
src = 	/media/disk6/Dropbox/Camera Uploads/IMG_2525.JPG
dest = 	/media/disk1/Photos/2014/04/12 April 2014/IMG_2525.JPG
/media/disk6/Dropbox/Camera Uploads/IMG_2528.JPG
src = 	/media/disk6/Dropbox/Camera Uploads/IMG_2528.JPG
dest = 	/media/disk1/Photos/2014/04/12 April 2014/IMG_2528.JPG
/media/disk6/Dropbox/Camera Uploads/IMG_2567.JPG
src = 	/media/disk6/Dropbox/Camera Uploads/IMG_2567.JPG
dest = 	/media/disk1/Photos/2014/04/12 April 2014/IMG_2567.JPG
/media/disk6/Dropbox/Camera Uploads/IMG_2527.JPG
src = 	/media/disk6/Dropbox/Camera Uploads/IMG_2527.JPG
dest = 	/media/disk1/Photos/2014/04/12 April 2014/IMG_2527.JPG
/media/disk6/Dropbox/Camera Uploads/IMG_2533.JPG
src = 	/media/disk6/Dropbox/Camera Uploads/IMG_2533.JPG
dest = 	/media/disk1/Photos/2014/04/12 April 2014/IMG_2533.JPG
/media/disk6/Dropbox/Camera Uploads/IMG_2564.JPG
src = 	/media/disk6/Dropbox/Camera Uploads/IMG_2564.JPG
dest = 	/media/disk1/Photos/2014/04/12 April 2014/IMG_2564.JPG
/media/disk6/Dropbox/Camera Uploads/IMG_2573.JPG
src = 	/media/disk6/Dropbox/Camera Uploads/IMG_2573.JPG
dest = 	/media/disk1/Photos/2014/04/12 April 2014/IMG_2573.JPG
/media/disk6/Dropbox/Camera Uploads/IMG_2537.JPG
src = 	/media/disk6/Dropbox/Camera Uploads/IMG_2537.JPG
dest = 	/media/disk1/Photos/2014/04/12 April 2014/IMG_2537.JPG
/media/disk6/Dropbox/Camera Uploads/IMG_2536.JPG
src = 	/media/disk6/Dropbox/Camera Uploads/IMG_2536.JPG
dest = 	/media/disk1/Photos/2014/04/12 April 2014/IMG_2536.JPG
/media/disk6/Dropbox/Camera Uploads/IMG_2552.JPG
src = 	/media/disk6/Dropbox/Camera Uploads/IMG_2552.JPG
dest = 	/media/disk1/Photos/2014/04/12 April 2014/IMG_2552.JPG
/media/disk6/Dropbox/Camera Uploads/IMG_2540.JPG
src = 	/media/disk6/Dropbox/Camera Uploads/IMG_2540.JPG
dest = 	/media/disk1/Photos/2014/04/12 April 2014/IMG_2540.JPG
/media/disk6/Dropbox/Camera Uploads/IMG_2558.JPG
src = 	/media/disk6/Dropbox/Camera Uploads/IMG_2558.JPG
dest = 	/media/disk1/Photos/2014/04/12 April 2014/IMG_2558.JPG
/media/disk6/Dropbox/Camera Uploads/IMG_2571.JPG
src = 	/media/disk6/Dropbox/Camera Uploads/IMG_2571.JPG
dest = 	/media/disk1/Photos/2014/04/12 April 2014/IMG_2571.JPG
/media/disk6/Dropbox/Camera Uploads/IMG_2539.JPG
src = 	/media/disk6/Dropbox/Camera Uploads/IMG_2539.JPG
dest = 	/media/disk1/Photos/2014/04/12 April 2014/IMG_2539.JPG
/media/disk6/Dropbox/Camera Uploads/IMG_2535.JPG
src = 	/media/disk6/Dropbox/Camera Uploads/IMG_2535.JPG
dest = 	/media/disk1/Photos/2014/04/12 April 2014/IMG_2535.JPG
/media/disk6/Dropbox/Camera Uploads/IMG_2534.JPG
src = 	/media/disk6/Dropbox/Camera Uploads/IMG_2534.JPG
dest = 	/media/disk1/Photos/2014/04/12 April 2014/IMG_2534.JPG
/media/disk6/Dropbox/Camera Uploads/IMG_2555.JPG
src = 	/media/disk6/Dropbox/Camera Uploads/IMG_2555.JPG
dest = 	/media/disk1/Photos/2014/04/12 April 2014/IMG_2555.JPG
/media/disk6/Dropbox/Camera Uploads/IMG_2562.JPG
src = 	/media/disk6/Dropbox/Camera Uploads/IMG_2562.JPG
dest = 	/media/disk1/Photos/2014/04/12 April 2014/IMG_2562.JPG
/media/disk6/Dropbox/Camera Uploads/IMG_2547.JPG
src = 	/media/disk6/Dropbox/Camera Uploads/IMG_2547.JPG
dest = 	/media/disk1/Photos/2014/04/12 April 2014/IMG_2547.JPG
/media/disk6/Dropbox/Camera Uploads/IMG_2548.JPG
src = 	/media/disk6/Dropbox/Camera Uploads/IMG_2548.JPG
dest = 	/media/disk1/Photos/2014/04/12 April 2014/IMG_2548.JPG
/media/disk6/Dropbox/Camera Uploads/IMG_2542.JPG
src = 	/media/disk6/Dropbox/Camera Uploads/IMG_2542.JPG
dest = 	/media/disk1/Photos/2014/04/12 April 2014/IMG_2542.JPG
/media/disk6/Dropbox/Camera Uploads/IMG_2550.JPG
src = 	/media/disk6/Dropbox/Camera Uploads/IMG_2550.JPG
dest = 	/media/disk1/Photos/2014/04/12 April 2014/IMG_2550.JPG
/media/disk6/Dropbox/Camera Uploads/IMG_2524.JPG
src = 	/media/disk6/Dropbox/Camera Uploads/IMG_2524.JPG
dest = 	/media/disk1/Photos/2014/04/12 April 2014/IMG_2524.JPG
/media/disk6/Dropbox/Camera Uploads/IMG_2559.JPG
src = 	/media/disk6/Dropbox/Camera Uploads/IMG_2559.JPG
dest = 	/media/disk1/Photos/2014/04/12 April 2014/IMG_2559.JPG
/media/disk6/Dropbox/Camera Uploads/IMG_2568.JPG
src = 	/media/disk6/Dropbox/Camera Uploads/IMG_2568.JPG
dest = 	/media/disk1/Photos/2014/04/12 April 2014/IMG_2568.JPG
/media/disk6/Dropbox/Camera Uploads/IMG_2546.JPG
src = 	/media/disk6/Dropbox/Camera Uploads/IMG_2546.JPG
dest = 	/media/disk1/Photos/2014/04/12 April 2014/IMG_2546.JPG
/media/disk6/Dropbox/Camera Uploads/IMG_2553.JPG
src = 	/media/disk6/Dropbox/Camera Uploads/IMG_2553.JPG
dest = 	/media/disk1/Photos/2014/04/12 April 2014/IMG_2553.JPG
/media/disk6/Dropbox/Camera Uploads/IMG_2541.JPG
src = 	/media/disk6/Dropbox/Camera Uploads/IMG_2541.JPG
dest = 	/media/disk1/Photos/2014/04/12 April 2014/IMG_2541.JPG
/media/disk6/Dropbox/Camera Uploads/IMG_2556.JPG
src = 	/media/disk6/Dropbox/Camera Uploads/IMG_2556.JPG
dest = 	/media/disk1/Photos/2014/04/12 April 2014/IMG_2556.JPG
/media/disk6/Dropbox/Camera Uploads/IMG_2569.JPG
src = 	/media/disk6/Dropbox/Camera Uploads/IMG_2569.JPG
dest = 	/media/disk1/Photos/2014/04/12 April 2014/IMG_2569.JPG
/media/disk6/Dropbox/Camera Uploads/IMG_2561.JPG
src = 	/media/disk6/Dropbox/Camera Uploads/IMG_2561.JPG
dest = 	/media/disk1/Photos/2014/04/12 April 2014/IMG_2561.JPG
/media/disk6/Dropbox/Camera Uploads/IMG_2523.JPG
src = 	/media/disk6/Dropbox/Camera Uploads/IMG_2523.JPG
dest = 	/media/disk1/Photos/2014/04/12 April 2014/IMG_2523.JPG
/media/disk6/Dropbox/Camera Uploads/IMG_2554.JPG
src = 	/media/disk6/Dropbox/Camera Uploads/IMG_2554.JPG
dest = 	/media/disk1/Photos/2014/04/12 April 2014/IMG_2554.JPG
/media/disk6/Dropbox/Camera Uploads/IMG_2560.JPG
src = 	/media/disk6/Dropbox/Camera Uploads/IMG_2560.JPG
dest = 	/media/disk1/Photos/2014/04/12 April 2014/IMG_2560.JPG
/media/disk6/Dropbox/Camera Uploads/IMG_2551.JPG
src = 	/media/disk6/Dropbox/Camera Uploads/IMG_2551.JPG
dest = 	/media/disk1/Photos/2014/04/12 April 2014/IMG_2551.JPG
/media/disk6/Dropbox/Camera Uploads/IMG_2557.JPG
src = 	/media/disk6/Dropbox/Camera Uploads/IMG_2557.JPG
dest = 	/media/disk1/Photos/2014/04/12 April 2014/IMG_2557.JPG
/media/disk6/Dropbox/Camera Uploads/IMG_2543.JPG
src = 	/media/disk6/Dropbox/Camera Uploads/IMG_2543.JPG
dest = 	/media/disk1/Photos/2014/04/12 April 2014/IMG_2543.JPG
/media/disk6/Dropbox/Camera Uploads/IMG_2544.JPG
src = 	/media/disk6/Dropbox/Camera Uploads/IMG_2544.JPG
dest = 	/media/disk1/Photos/2014/04/12 April 2014/IMG_2544.JPG
/media/disk6/Dropbox/Camera Uploads/IMG_2526.JPG
src = 	/media/disk6/Dropbox/Camera Uploads/IMG_2526.JPG
dest = 	/media/disk1/Photos/2014/04/12 April 2014/IMG_2526.JPG
/media/disk6/Dropbox/Camera Uploads/IMG_2549.JPG
src = 	/media/disk6/Dropbox/Camera Uploads/IMG_2549.JPG
dest = 	/media/disk1/Photos/2014/04/12 April 2014/IMG_2549.JPG
/media/disk6/Dropbox/Camera Uploads/IMG_2575.JPG
src = 	/media/disk6/Dropbox/Camera Uploads/IMG_2575.JPG
dest = 	/media/disk1/Photos/2014/04/12 April 2014/IMG_2575.JPG
/media/disk6/Dropbox/Camera Uploads/IMG_2531.JPG
src = 	/media/disk6/Dropbox/Camera Uploads/IMG_2531.JPG
dest = 	/media/disk1/Photos/2014/04/12 April 2014/IMG_2531.JPG
/media/disk6/Dropbox/Camera Uploads/2014-04-13 17.07.40.jpg
src = 	/media/disk6/Dropbox/Camera Uploads/2014-04-13 17.07.40.jpg
dest = 	/media/disk1/Photos/2014/04/13 April 2014/2014-04-13 17.07.40.jpg
/media/disk6/Dropbox/Camera Uploads/IMG_2585.JPG
src = 	/media/disk6/Dropbox/Camera Uploads/IMG_2585.JPG
dest = 	/media/disk1/Photos/2014/04/13 April 2014/IMG_2585.JPG
/media/disk6/Dropbox/Camera Uploads/IMG_2588.JPG
src = 	/media/disk6/Dropbox/Camera Uploads/IMG_2588.JPG
dest = 	/media/disk1/Photos/2014/04/13 April 2014/IMG_2588.JPG
/media/disk6/Dropbox/Camera Uploads/IMG_2577.JPG
src = 	/media/disk6/Dropbox/Camera Uploads/IMG_2577.JPG
dest = 	/media/disk1/Photos/2014/04/13 April 2014/IMG_2577.JPG
/media/disk6/Dropbox/Camera Uploads/IMG_2576.JPG
src = 	/media/disk6/Dropbox/Camera Uploads/IMG_2576.JPG
dest = 	/media/disk1/Photos/2014/04/13 April 2014/IMG_2576.JPG
/media/disk6/Dropbox/Camera Uploads/IMG_2593.JPG
src = 	/media/disk6/Dropbox/Camera Uploads/IMG_2593.JPG
dest = 	/media/disk1/Photos/2014/04/13 April 2014/IMG_2593.JPG
/media/disk6/Dropbox/Camera Uploads/IMG_2578.JPG
src = 	/media/disk6/Dropbox/Camera Uploads/IMG_2578.JPG
dest = 	/media/disk1/Photos/2014/04/13 April 2014/IMG_2578.JPG
/media/disk6/Dropbox/Camera Uploads/IMG_2601.JPG
src = 	/media/disk6/Dropbox/Camera Uploads/IMG_2601.JPG
dest = 	/media/disk1/Photos/2014/04/13 April 2014/IMG_2601.JPG
/media/disk6/Dropbox/Camera Uploads/IMG_2597.JPG
src = 	/media/disk6/Dropbox/Camera Uploads/IMG_2597.JPG
dest = 	/media/disk1/Photos/2014/04/13 April 2014/IMG_2597.JPG
/media/disk6/Dropbox/Camera Uploads/IMG_2590.JPG
src = 	/media/disk6/Dropbox/Camera Uploads/IMG_2590.JPG
dest = 	/media/disk1/Photos/2014/04/13 April 2014/IMG_2590.JPG
/media/disk6/Dropbox/Camera Uploads/IMG_2581.JPG
src = 	/media/disk6/Dropbox/Camera Uploads/IMG_2581.JPG
dest = 	/media/disk1/Photos/2014/04/13 April 2014/IMG_2581.JPG
/media/disk6/Dropbox/Camera Uploads/IMG_2586.JPG
src = 	/media/disk6/Dropbox/Camera Uploads/IMG_2586.JPG
dest = 	/media/disk1/Photos/2014/04/13 April 2014/IMG_2586.JPG
/media/disk6/Dropbox/Camera Uploads/IMG_2580.JPG
src = 	/media/disk6/Dropbox/Camera Uploads/IMG_2580.JPG
dest = 	/media/disk1/Photos/2014/04/13 April 2014/IMG_2580.JPG
/media/disk6/Dropbox/Camera Uploads/IMG_2587.JPG
src = 	/media/disk6/Dropbox/Camera Uploads/IMG_2587.JPG
dest = 	/media/disk1/Photos/2014/04/13 April 2014/IMG_2587.JPG
/media/disk6/Dropbox/Camera Uploads/IMG_2584.JPG
src = 	/media/disk6/Dropbox/Camera Uploads/IMG_2584.JPG
dest = 	/media/disk1/Photos/2014/04/13 April 2014/IMG_2584.JPG
/media/disk6/Dropbox/Camera Uploads/IMG_2582.JPG
src = 	/media/disk6/Dropbox/Camera Uploads/IMG_2582.JPG
dest = 	/media/disk1/Photos/2014/04/13 April 2014/IMG_2582.JPG
/media/disk6/Dropbox/Camera Uploads/IMG_2594.JPG
src = 	/media/disk6/Dropbox/Camera Uploads/IMG_2594.JPG
dest = 	/media/disk1/Photos/2014/04/13 April 2014/IMG_2594.JPG
/media/disk6/Dropbox/Camera Uploads/IMG_2599.JPG
src = 	/media/disk6/Dropbox/Camera Uploads/IMG_2599.JPG
dest = 	/media/disk1/Photos/2014/04/13 April 2014/IMG_2599.JPG
/media/disk6/Dropbox/Camera Uploads/IMG_2591.JPG
src = 	/media/disk6/Dropbox/Camera Uploads/IMG_2591.JPG
dest = 	/media/disk1/Photos/2014/04/13 April 2014/IMG_2591.JPG
/media/disk6/Dropbox/Camera Uploads/IMG_2583.JPG
src = 	/media/disk6/Dropbox/Camera Uploads/IMG_2583.JPG
dest = 	/media/disk1/Photos/2014/04/13 April 2014/IMG_2583.JPG
/media/disk6/Dropbox/Camera Uploads/IMG_2595.JPG
src = 	/media/disk6/Dropbox/Camera Uploads/IMG_2595.JPG
dest = 	/media/disk1/Photos/2014/04/13 April 2014/IMG_2595.JPG
/media/disk6/Dropbox/Camera Uploads/IMG_2589.JPG
src = 	/media/disk6/Dropbox/Camera Uploads/IMG_2589.JPG
dest = 	/media/disk1/Photos/2014/04/13 April 2014/IMG_2589.JPG
/media/disk6/Dropbox/Camera Uploads/IMG_2579.JPG
src = 	/media/disk6/Dropbox/Camera Uploads/IMG_2579.JPG
dest = 	/media/disk1/Photos/2014/04/13 April 2014/IMG_2579.JPG
/media/disk6/Dropbox/Camera Uploads/IMG_2592.JPG
src = 	/media/disk6/Dropbox/Camera Uploads/IMG_2592.JPG
dest = 	/media/disk1/Photos/2014/04/13 April 2014/IMG_2592.JPG
/media/disk6/Dropbox/Camera Uploads/IMG_2600.JPG
src = 	/media/disk6/Dropbox/Camera Uploads/IMG_2600.JPG
dest = 	/media/disk1/Photos/2014/04/13 April 2014/IMG_2600.JPG
/media/disk6/Dropbox/Camera Uploads/IMG_2598.JPG
src = 	/media/disk6/Dropbox/Camera Uploads/IMG_2598.JPG
dest = 	/media/disk1/Photos/2014/04/13 April 2014/IMG_2598.JPG
/media/disk6/Dropbox/Camera Uploads/IMG_2596.JPG
src = 	/media/disk6/Dropbox/Camera Uploads/IMG_2596.JPG
dest = 	/media/disk1/Photos/2014/04/13 April 2014/IMG_2596.JPG
/media/disk6/Dropbox/Camera Uploads from Sarah/2014-04-15 16.47.37.jpg
src = 	/media/disk6/Dropbox/Camera Uploads from Sarah/2014-04-15 16.47.37.jpg
dest = 	/media/disk1/Photos/2014/04/15 April 2014/2014-04-15 16.47.37.jpg
/media/disk6/Dropbox/Camera Uploads from Sarah/2014-04-15 16.47.29.jpg
src = 	/media/disk6/Dropbox/Camera Uploads from Sarah/2014-04-15 16.47.29.jpg
dest = 	/media/disk1/Photos/2014/04/15 April 2014/2014-04-15 16.47.29.jpg
/media/disk6/Dropbox/Camera Uploads from Sarah/2014-04-15 16.47.32.jpg
src = 	/media/disk6/Dropbox/Camera Uploads from Sarah/2014-04-15 16.47.32.jpg
dest = 	/media/disk1/Photos/2014/04/15 April 2014/2014-04-15 16.47.32.jpg
/media/disk6/Dropbox/Camera Uploads from Sarah/2014-04-15 16.47.36.jpg
src = 	/media/disk6/Dropbox/Camera Uploads from Sarah/2014-04-15 16.47.36.jpg
dest = 	/media/disk1/Photos/2014/04/15 April 2014/2014-04-15 16.47.36.jpg
/media/disk6/Dropbox/Camera Uploads/2014-04-16 11.50.45.jpg
src = 	/media/disk6/Dropbox/Camera Uploads/2014-04-16 11.50.45.jpg
dest = 	/media/disk1/Photos/2014/04/16 April 2014/2014-04-16 11.50.45.jpg
/media/disk6/Dropbox/Camera Uploads/2014-04-17 12.23.14.jpg
src = 	/media/disk6/Dropbox/Camera Uploads/2014-04-17 12.23.14.jpg
dest = 	/media/disk1/Photos/2014/04/17 April 2014/2014-04-17 12.23.14.jpg
/media/disk6/Dropbox/Camera Uploads/2014-04-18 12.03.17.jpg
src = 	/media/disk6/Dropbox/Camera Uploads/2014-04-18 12.03.17.jpg
dest = 	/media/disk1/Photos/2014/04/18 April 2014/2014-04-18 12.03.17.jpg
/media/disk6/Dropbox/Camera Uploads/2014-04-18 11.08.50.jpg
src = 	/media/disk6/Dropbox/Camera Uploads/2014-04-18 11.08.50.jpg
dest = 	/media/disk1/Photos/2014/04/18 April 2014/2014-04-18 11.08.50.jpg
/media/disk6/Dropbox/Camera Uploads/2014-04-18 16.21.04.jpg
src = 	/media/disk6/Dropbox/Camera Uploads/2014-04-18 16.21.04.jpg
dest = 	/media/disk1/Photos/2014/04/18 April 2014/2014-04-18 16.21.04.jpg
/media/disk6/Dropbox/Camera Uploads/2014-04-18 15.31.06.jpg
src = 	/media/disk6/Dropbox/Camera Uploads/2014-04-18 15.31.06.jpg
dest = 	/media/disk1/Photos/2014/04/18 April 2014/2014-04-18 15.31.06.jpg
/media/disk6/Dropbox/Camera Uploads/2014-04-18 16.21.05.jpg
src = 	/media/disk6/Dropbox/Camera Uploads/2014-04-18 16.21.05.jpg
dest = 	/media/disk1/Photos/2014/04/18 April 2014/2014-04-18 16.21.05.jpg
/media/disk6/Dropbox/Camera Uploads/2014-04-18 14.08.14.mp4
no exif moving to manual sort /media/disk6/Dropbox/Camera Uploads/2014-04-18 14.08.14.mp4
/media/disk6/Dropbox/Camera Uploads/2014-04-18 16.20.57.jpg
src = 	/media/disk6/Dropbox/Camera Uploads/2014-04-18 16.20.57.jpg
dest = 	/media/disk1/Photos/2014/04/18 April 2014/2014-04-18 16.20.57.jpg
/media/disk6/Dropbox/Camera Uploads/2014-04-18 16.20.52.jpg
src = 	/media/disk6/Dropbox/Camera Uploads/2014-04-18 16.20.52.jpg
dest = 	/media/disk1/Photos/2014/04/18 April 2014/2014-04-18 16.20.52.jpg
/media/disk6/Dropbox/Camera Uploads/2014-04-18 16.21.03.jpg
src = 	/media/disk6/Dropbox/Camera Uploads/2014-04-18 16.21.03.jpg
dest = 	/media/disk1/Photos/2014/04/18 April 2014/2014-04-18 16.21.03.jpg
/media/disk6/Dropbox/Camera Uploads/2014-04-18 16.20.55.jpg
src = 	/media/disk6/Dropbox/Camera Uploads/2014-04-18 16.20.55.jpg
dest = 	/media/disk1/Photos/2014/04/18 April 2014/2014-04-18 16.20.55.jpg
/media/disk6/Dropbox/Camera Uploads/2014-04-18 16.21.02.jpg
src = 	/media/disk6/Dropbox/Camera Uploads/2014-04-18 16.21.02.jpg
dest = 	/media/disk1/Photos/2014/04/18 April 2014/2014-04-18 16.21.02.jpg
/media/disk6/Dropbox/Camera Uploads/2014-04-18 14.08.48.mp4
no exif moving to manual sort /media/disk6/Dropbox/Camera Uploads/2014-04-18 14.08.48.mp4
/media/disk6/Dropbox/Camera Uploads/2014-04-18 16.20.56.jpg
src = 	/media/disk6/Dropbox/Camera Uploads/2014-04-18 16.20.56.jpg
dest = 	/media/disk1/Photos/2014/04/18 April 2014/2014-04-18 16.20.56.jpg
/media/disk6/Dropbox/Camera Uploads/2014-04-18 15.31.04.jpg
src = 	/media/disk6/Dropbox/Camera Uploads/2014-04-18 15.31.04.jpg
dest = 	/media/disk1/Photos/2014/04/18 April 2014/2014-04-18 15.31.04.jpg
/media/disk6/Dropbox/Camera Uploads/IMG_2602.JPG
src = 	/media/disk6/Dropbox/Camera Uploads/IMG_2602.JPG
dest = 	/media/disk1/Photos/2014/04/13 April 2014/IMG_2602.JPG
Already Exists
/media/disk6/Dropbox/Camera Uploads/IMG_2601.JPG
src = 	/media/disk6/Dropbox/Camera Uploads/IMG_2601.JPG
dest = 	/media/disk1/Photos/2014/04/13 April 2014/IMG_2601.JPG
Already Exists
/media/disk6/Dropbox/Camera Uploads/IMG_2603.JPG
src = 	/media/disk6/Dropbox/Camera Uploads/IMG_2603.JPG
dest = 	/media/disk1/Photos/2014/04/13 April 2014/IMG_2603.JPG
Already Exists
/media/disk6/Dropbox/Camera Uploads/IMG_2605.JPG
src = 	/media/disk6/Dropbox/Camera Uploads/IMG_2605.JPG
dest = 	/media/disk1/Photos/2014/04/14 April 2014/IMG_2605.JPG
Already Exists
/media/disk6/Dropbox/Camera Uploads/IMG_2604.JPG
src = 	/media/disk6/Dropbox/Camera Uploads/IMG_2604.JPG
dest = 	/media/disk1/Photos/2014/04/14 April 2014/IMG_2604.JPG
Already Exists
/media/disk6/Dropbox/Camera Uploads/IMG_2602.JPG
src = 	/media/disk6/Dropbox/Camera Uploads/IMG_2602.JPG
dest = 	/media/disk1/Photos/2014/04/13 April 2014/IMG_2602.JPG
Already Exists
/media/disk6/Dropbox/Camera Uploads/IMG_2601.JPG
src = 	/media/disk6/Dropbox/Camera Uploads/IMG_2601.JPG
dest = 	/media/disk1/Photos/2014/04/13 April 2014/IMG_2601.JPG
Already Exists
/media/disk6/Dropbox/Camera Uploads/IMG_2603.JPG
src = 	/media/disk6/Dropbox/Camera Uploads/IMG_2603.JPG
dest = 	/media/disk1/Photos/2014/04/13 April 2014/IMG_2603.JPG
Already Exists
/media/disk6/Dropbox/Camera Uploads/IMG_2605.JPG
src = 	/media/disk6/Dropbox/Camera Uploads/IMG_2605.JPG
dest = 	/media/disk1/Photos/2014/04/14 April 2014/IMG_2605.JPG
Already Exists
/media/disk6/Dropbox/Camera Uploads/IMG_2604.JPG
src = 	/media/disk6/Dropbox/Camera Uploads/IMG_2604.JPG
dest = 	/media/disk1/Photos/2014/04/14 April 2014/IMG_2604.JPG
Already Exists
/media/disk6/Dropbox/Camera Uploads/IMG_2602.JPG
src = 	/media/disk6/Dropbox/Camera Uploads/IMG_2602.JPG
dest = 	/media/disk1/Photos/2014/04/13 April 2014/IMG_2602.JPG
Already Exists
/media/disk6/Dropbox/Camera Uploads/IMG_2601.JPG
src = 	/media/disk6/Dropbox/Camera Uploads/IMG_2601.JPG
dest = 	/media/disk1/Photos/2014/04/13 April 2014/IMG_2601.JPG
Already Exists
/media/disk6/Dropbox/Camera Uploads/IMG_2603.JPG
src = 	/media/disk6/Dropbox/Camera Uploads/IMG_2603.JPG
dest = 	/media/disk1/Photos/2014/04/13 April 2014/IMG_2603.JPG
Already Exists
/media/disk6/Dropbox/Camera Uploads/IMG_2605.JPG
src = 	/media/disk6/Dropbox/Camera Uploads/IMG_2605.JPG
dest = 	/media/disk1/Photos/2014/04/14 April 2014/IMG_2605.JPG
Already Exists
/media/disk6/Dropbox/Camera Uploads/IMG_2604.JPG
src = 	/media/disk6/Dropbox/Camera Uploads/IMG_2604.JPG
dest = 	/media/disk1/Photos/2014/04/14 April 2014/IMG_2604.JPG
Already Exists
/media/disk6/Dropbox/Camera Uploads/IMG_2602.JPG
src = 	/media/disk6/Dropbox/Camera Uploads/IMG_2602.JPG
dest = 	/media/disk1/Photos/2014/04/13 April 2014/IMG_2602.JPG
Already Exists
/media/disk6/Dropbox/Camera Uploads/IMG_2601.JPG
src = 	/media/disk6/Dropbox/Camera Uploads/IMG_2601.JPG
dest = 	/media/disk1/Photos/2014/04/13 April 2014/IMG_2601.JPG
Already Exists
/media/disk6/Dropbox/Camera Uploads/IMG_2603.JPG
src = 	/media/disk6/Dropbox/Camera Uploads/IMG_2603.JPG
dest = 	/media/disk1/Photos/2014/04/13 April 2014/IMG_2603.JPG
Already Exists
/media/disk6/Dropbox/Camera Uploads/IMG_2605.JPG
src = 	/media/disk6/Dropbox/Camera Uploads/IMG_2605.JPG
dest = 	/media/disk1/Photos/2014/04/14 April 2014/IMG_2605.JPG
Already Exists
/media/disk6/Dropbox/Camera Uploads/IMG_2604.JPG
src = 	/media/disk6/Dropbox/Camera Uploads/IMG_2604.JPG
dest = 	/media/disk1/Photos/2014/04/14 April 2014/IMG_2604.JPG
Already Exists
/media/disk6/Dropbox/Camera Uploads/IMG_2602.JPG
src = 	/media/disk6/Dropbox/Camera Uploads/IMG_2602.JPG
dest = 	/media/disk1/Photos/2014/04/13 April 2014/IMG_2602.JPG
Already Exists
/media/disk6/Dropbox/Camera Uploads/IMG_2601.JPG
src = 	/media/disk6/Dropbox/Camera Uploads/IMG_2601.JPG
dest = 	/media/disk1/Photos/2014/04/13 April 2014/IMG_2601.JPG
Already Exists
/media/disk6/Dropbox/Camera Uploads/2014-04-18 20.57.42.jpg
src = 	/media/disk6/Dropbox/Camera Uploads/2014-04-18 20.57.42.jpg
dest = 	/media/disk1/Photos/2014/04/18 April 2014/2014-04-18 20.57.42.jpg
/media/disk6/Dropbox/Camera Uploads/IMG_2603.JPG
src = 	/media/disk6/Dropbox/Camera Uploads/IMG_2603.JPG
dest = 	/media/disk1/Photos/2014/04/13 April 2014/IMG_2603.JPG
Already Exists
/media/disk6/Dropbox/Camera Uploads/IMG_2605.JPG
src = 	/media/disk6/Dropbox/Camera Uploads/IMG_2605.JPG
dest = 	/media/disk1/Photos/2014/04/14 April 2014/IMG_2605.JPG
Already Exists
/media/disk6/Dropbox/Camera Uploads/IMG_2604.JPG
src = 	/media/disk6/Dropbox/Camera Uploads/IMG_2604.JPG
dest = 	/media/disk1/Photos/2014/04/14 April 2014/IMG_2604.JPG
Already Exists
/media/disk6/Dropbox/Camera Uploads/IMG_2602.JPG
src = 	/media/disk6/Dropbox/Camera Uploads/IMG_2602.JPG
dest = 	/media/disk1/Photos/2014/04/13 April 2014/IMG_2602.JPG
Already Exists
/media/disk6/Dropbox/Camera Uploads/IMG_2601.JPG
src = 	/media/disk6/Dropbox/Camera Uploads/IMG_2601.JPG
dest = 	/media/disk1/Photos/2014/04/13 April 2014/IMG_2601.JPG
Already Exists
/media/disk6/Dropbox/Camera Uploads/IMG_2603.JPG
src = 	/media/disk6/Dropbox/Camera Uploads/IMG_2603.JPG
dest = 	/media/disk1/Photos/2014/04/13 April 2014/IMG_2603.JPG
Already Exists
/media/disk6/Dropbox/Camera Uploads/IMG_2605.JPG
src = 	/media/disk6/Dropbox/Camera Uploads/IMG_2605.JPG
dest = 	/media/disk1/Photos/2014/04/14 April 2014/IMG_2605.JPG
Already Exists
/media/disk6/Dropbox/Camera Uploads/IMG_2604.JPG
src = 	/media/disk6/Dropbox/Camera Uploads/IMG_2604.JPG
dest = 	/media/disk1/Photos/2014/04/14 April 2014/IMG_2604.JPG
Already Exists
/media/disk6/Dropbox/Camera Uploads/IMG_2602.JPG
src = 	/media/disk6/Dropbox/Camera Uploads/IMG_2602.JPG
dest = 	/media/disk1/Photos/2014/04/13 April 2014/IMG_2602.JPG
Already Exists
/media/disk6/Dropbox/Camera Uploads/IMG_2601.JPG
src = 	/media/disk6/Dropbox/Camera Uploads/IMG_2601.JPG
dest = 	/media/disk1/Photos/2014/04/13 April 2014/IMG_2601.JPG
Already Exists
/media/disk6/Dropbox/Camera Uploads/IMG_2603.JPG
src = 	/media/disk6/Dropbox/Camera Uploads/IMG_2603.JPG
dest = 	/media/disk1/Photos/2014/04/13 April 2014/IMG_2603.JPG
Already Exists
/media/disk6/Dropbox/Camera Uploads/IMG_2605.JPG
src = 	/media/disk6/Dropbox/Camera Uploads/IMG_2605.JPG
dest = 	/media/disk1/Photos/2014/04/14 April 2014/IMG_2605.JPG
Already Exists
/media/disk6/Dropbox/Camera Uploads/IMG_2604.JPG
src = 	/media/disk6/Dropbox/Camera Uploads/IMG_2604.JPG
dest = 	/media/disk1/Photos/2014/04/14 April 2014/IMG_2604.JPG
Already Exists
/media/disk6/Dropbox/Camera Uploads/IMG_2602.JPG
src = 	/media/disk6/Dropbox/Camera Uploads/IMG_2602.JPG
dest = 	/media/disk1/Photos/2014/04/13 April 2014/IMG_2602.JPG
Already Exists
/media/disk6/Dropbox/Camera Uploads/IMG_2601.JPG
src = 	/media/disk6/Dropbox/Camera Uploads/IMG_2601.JPG
dest = 	/media/disk1/Photos/2014/04/13 April 2014/IMG_2601.JPG
Already Exists
/media/disk6/Dropbox/Camera Uploads/IMG_2603.JPG
src = 	/media/disk6/Dropbox/Camera Uploads/IMG_2603.JPG
dest = 	/media/disk1/Photos/2014/04/13 April 2014/IMG_2603.JPG
Already Exists
/media/disk6/Dropbox/Camera Uploads/IMG_2605.JPG
src = 	/media/disk6/Dropbox/Camera Uploads/IMG_2605.JPG
dest = 	/media/disk1/Photos/2014/04/14 April 2014/IMG_2605.JPG
Already Exists
/media/disk6/Dropbox/Camera Uploads/IMG_2604.JPG
src = 	/media/disk6/Dropbox/Camera Uploads/IMG_2604.JPG
dest = 	/media/disk1/Photos/2014/04/14 April 2014/IMG_2604.JPG
Already Exists
/media/disk6/Dropbox/Camera Uploads/IMG_2602.JPG
src = 	/media/disk6/Dropbox/Camera Uploads/IMG_2602.JPG
dest = 	/media/disk1/Photos/2014/04/13 April 2014/IMG_2602.JPG
Already Exists
/media/disk6/Dropbox/Camera Uploads/IMG_2601.JPG
src = 	/media/disk6/Dropbox/Camera Uploads/IMG_2601.JPG
dest = 	/media/disk1/Photos/2014/04/13 April 2014/IMG_2601.JPG
Already Exists
/media/disk6/Dropbox/Camera Uploads/IMG_2603.JPG
src = 	/media/disk6/Dropbox/Camera Uploads/IMG_2603.JPG
dest = 	/media/disk1/Photos/2014/04/13 April 2014/IMG_2603.JPG
Already Exists
/media/disk6/Dropbox/Camera Uploads/IMG_2605.JPG
src = 	/media/disk6/Dropbox/Camera Uploads/IMG_2605.JPG
dest = 	/media/disk1/Photos/2014/04/14 April 2014/IMG_2605.JPG
Already Exists
/media/disk6/Dropbox/Camera Uploads/IMG_2604.JPG
src = 	/media/disk6/Dropbox/Camera Uploads/IMG_2604.JPG
dest = 	/media/disk1/Photos/2014/04/14 April 2014/IMG_2604.JPG
Already Exists
/media/disk6/Dropbox/Camera Uploads/IMG_2602.JPG
src = 	/media/disk6/Dropbox/Camera Uploads/IMG_2602.JPG
dest = 	/media/disk1/Photos/2014/04/13 April 2014/IMG_2602.JPG
Already Exists
/media/disk6/Dropbox/Camera Uploads/IMG_2601.JPG
src = 	/media/disk6/Dropbox/Camera Uploads/IMG_2601.JPG
dest = 	/media/disk1/Photos/2014/04/13 April 2014/IMG_2601.JPG
Already Exists
/media/disk6/Dropbox/Camera Uploads/IMG_2603.JPG
src = 	/media/disk6/Dropbox/Camera Uploads/IMG_2603.JPG
dest = 	/media/disk1/Photos/2014/04/13 April 2014/IMG_2603.JPG
Already Exists
/media/disk6/Dropbox/Camera Uploads/IMG_2605.JPG
src = 	/media/disk6/Dropbox/Camera Uploads/IMG_2605.JPG
dest = 	/media/disk1/Photos/2014/04/14 April 2014/IMG_2605.JPG
Already Exists
/media/disk6/Dropbox/Camera Uploads/IMG_2604.JPG
src = 	/media/disk6/Dropbox/Camera Uploads/IMG_2604.JPG
dest = 	/media/disk1/Photos/2014/04/14 April 2014/IMG_2604.JPG
Already Exists
/media/disk6/Dropbox/Camera Uploads/IMG_2602.JPG
src = 	/media/disk6/Dropbox/Camera Uploads/IMG_2602.JPG
dest = 	/media/disk1/Photos/2014/04/13 April 2014/IMG_2602.JPG
Already Exists
/media/disk6/Dropbox/Camera Uploads/IMG_2601.JPG
src = 	/media/disk6/Dropbox/Camera Uploads/IMG_2601.JPG
dest = 	/media/disk1/Photos/2014/04/13 April 2014/IMG_2601.JPG
Already Exists
/media/disk6/Dropbox/Camera Uploads/IMG_2603.JPG
src = 	/media/disk6/Dropbox/Camera Uploads/IMG_2603.JPG
dest = 	/media/disk1/Photos/2014/04/13 April 2014/IMG_2603.JPG
Already Exists
/media/disk6/Dropbox/Camera Uploads/IMG_2605.JPG
src = 	/media/disk6/Dropbox/Camera Uploads/IMG_2605.JPG
dest = 	/media/disk1/Photos/2014/04/14 April 2014/IMG_2605.JPG
Already Exists
/media/disk6/Dropbox/Camera Uploads/IMG_2604.JPG
src = 	/media/disk6/Dropbox/Camera Uploads/IMG_2604.JPG
dest = 	/media/disk1/Photos/2014/04/14 April 2014/IMG_2604.JPG
Already Exists
/media/disk6/Dropbox/Camera Uploads/IMG_2602.JPG
src = 	/media/disk6/Dropbox/Camera Uploads/IMG_2602.JPG
dest = 	/media/disk1/Photos/2014/04/13 April 2014/IMG_2602.JPG
Already Exists
/media/disk6/Dropbox/Camera Uploads/IMG_2601.JPG
src = 	/media/disk6/Dropbox/Camera Uploads/IMG_2601.JPG
dest = 	/media/disk1/Photos/2014/04/13 April 2014/IMG_2601.JPG
Already Exists
/media/disk6/Dropbox/Camera Uploads/IMG_2603.JPG
src = 	/media/disk6/Dropbox/Camera Uploads/IMG_2603.JPG
dest = 	/media/disk1/Photos/2014/04/13 April 2014/IMG_2603.JPG
Already Exists
/media/disk6/Dropbox/Camera Uploads/IMG_2605.JPG
src = 	/media/disk6/Dropbox/Camera Uploads/IMG_2605.JPG
dest = 	/media/disk1/Photos/2014/04/14 April 2014/IMG_2605.JPG
Already Exists
/media/disk6/Dropbox/Camera Uploads/IMG_2604.JPG
src = 	/media/disk6/Dropbox/Camera Uploads/IMG_2604.JPG
dest = 	/media/disk1/Photos/2014/04/14 April 2014/IMG_2604.JPG
Already Exists
/media/disk6/Dropbox/Camera Uploads/IMG_2602.JPG
src = 	/media/disk6/Dropbox/Camera Uploads/IMG_2602.JPG
dest = 	/media/disk1/Photos/2014/04/13 April 2014/IMG_2602.JPG
Already Exists
/media/disk6/Dropbox/Camera Uploads/IMG_2601.JPG
src = 	/media/disk6/Dropbox/Camera Uploads/IMG_2601.JPG
dest = 	/media/disk1/Photos/2014/04/13 April 2014/IMG_2601.JPG
Already Exists
/media/disk6/Dropbox/Camera Uploads/IMG_2603.JPG
src = 	/media/disk6/Dropbox/Camera Uploads/IMG_2603.JPG
dest = 	/media/disk1/Photos/2014/04/13 April 2014/IMG_2603.JPG
Already Exists
/media/disk6/Dropbox/Camera Uploads/IMG_2605.JPG
src = 	/media/disk6/Dropbox/Camera Uploads/IMG_2605.JPG
dest = 	/media/disk1/Photos/2014/04/14 April 2014/IMG_2605.JPG
Already Exists
/media/disk6/Dropbox/Camera Uploads/IMG_2604.JPG
src = 	/media/disk6/Dropbox/Camera Uploads/IMG_2604.JPG
dest = 	/media/disk1/Photos/2014/04/14 April 2014/IMG_2604.JPG
Already Exists
/media/disk6/Dropbox/Camera Uploads/IMG_2602.JPG
src = 	/media/disk6/Dropbox/Camera Uploads/IMG_2602.JPG
dest = 	/media/disk1/Photos/2014/04/13 April 2014/IMG_2602.JPG
Already Exists
/media/disk6/Dropbox/Camera Uploads/IMG_2601.JPG
src = 	/media/disk6/Dropbox/Camera Uploads/IMG_2601.JPG
dest = 	/media/disk1/Photos/2014/04/13 April 2014/IMG_2601.JPG
Already Exists
/media/disk6/Dropbox/Camera Uploads/IMG_2603.JPG
src = 	/media/disk6/Dropbox/Camera Uploads/IMG_2603.JPG
dest = 	/media/disk1/Photos/2014/04/13 April 2014/IMG_2603.JPG
Already Exists
/media/disk6/Dropbox/Camera Uploads/IMG_2605.JPG
src = 	/media/disk6/Dropbox/Camera Uploads/IMG_2605.JPG
dest = 	/media/disk1/Photos/2014/04/14 April 2014/IMG_2605.JPG
Already Exists
/media/disk6/Dropbox/Camera Uploads/IMG_2604.JPG
src = 	/media/disk6/Dropbox/Camera Uploads/IMG_2604.JPG
dest = 	/media/disk1/Photos/2014/04/14 April 2014/IMG_2604.JPG
Already Exists
/media/disk6/Dropbox/Camera Uploads/IMG_2602.JPG
src = 	/media/disk6/Dropbox/Camera Uploads/IMG_2602.JPG
dest = 	/media/disk1/Photos/2014/04/13 April 2014/IMG_2602.JPG
Already Exists
/media/disk6/Dropbox/Camera Uploads/IMG_2601.JPG
src = 	/media/disk6/Dropbox/Camera Uploads/IMG_2601.JPG
dest = 	/media/disk1/Photos/2014/04/13 April 2014/IMG_2601.JPG
Already Exists
/media/disk6/Dropbox/Camera Uploads/IMG_2603.JPG
src = 	/media/disk6/Dropbox/Camera Uploads/IMG_2603.JPG
dest = 	/media/disk1/Photos/2014/04/13 April 2014/IMG_2603.JPG
Already Exists
/media/disk6/Dropbox/Camera Uploads/IMG_2605.JPG
src = 	/media/disk6/Dropbox/Camera Uploads/IMG_2605.JPG
dest = 	/media/disk1/Photos/2014/04/14 April 2014/IMG_2605.JPG
Already Exists
/media/disk6/Dropbox/Camera Uploads/IMG_2604.JPG
src = 	/media/disk6/Dropbox/Camera Uploads/IMG_2604.JPG
dest = 	/media/disk1/Photos/2014/04/14 April 2014/IMG_2604.JPG
Already Exists
/media/disk6/Dropbox/Camera Uploads/IMG_2602.JPG
src = 	/media/disk6/Dropbox/Camera Uploads/IMG_2602.JPG
dest = 	/media/disk1/Photos/2014/04/13 April 2014/IMG_2602.JPG
Already Exists
/media/disk6/Dropbox/Camera Uploads/IMG_2601.JPG
src = 	/media/disk6/Dropbox/Camera Uploads/IMG_2601.JPG
dest = 	/media/disk1/Photos/2014/04/13 April 2014/IMG_2601.JPG
Already Exists
/media/disk6/Dropbox/Camera Uploads/IMG_2603.JPG
src = 	/media/disk6/Dropbox/Camera Uploads/IMG_2603.JPG
dest = 	/media/disk1/Photos/2014/04/13 April 2014/IMG_2603.JPG
Already Exists
/media/disk6/Dropbox/Camera Uploads/IMG_2605.JPG
src = 	/media/disk6/Dropbox/Camera Uploads/IMG_2605.JPG
dest = 	/media/disk1/Photos/2014/04/14 April 2014/IMG_2605.JPG
Already Exists
/media/disk6/Dropbox/Camera Uploads/IMG_2604.JPG
src = 	/media/disk6/Dropbox/Camera Uploads/IMG_2604.JPG
dest = 	/media/disk1/Photos/2014/04/14 April 2014/IMG_2604.JPG
Already Exists
/media/disk6/Dropbox/Camera Uploads/IMG_2623.JPG
src = 	/media/disk6/Dropbox/Camera Uploads/IMG_2623.JPG
dest = 	/media/disk1/Photos/2014/04/19 April 2014/IMG_2623.JPG
/media/disk6/Dropbox/Camera Uploads/IMG_2625.JPG
src = 	/media/disk6/Dropbox/Camera Uploads/IMG_2625.JPG
dest = 	/media/disk1/Photos/2014/04/19 April 2014/IMG_2625.JPG
/media/disk6/Dropbox/Camera Uploads/IMG_2619.JPG
src = 	/media/disk6/Dropbox/Camera Uploads/IMG_2619.JPG
dest = 	/media/disk1/Photos/2014/04/19 April 2014/IMG_2619.JPG
/media/disk6/Dropbox/Camera Uploads/IMG_2622.JPG
src = 	/media/disk6/Dropbox/Camera Uploads/IMG_2622.JPG
dest = 	/media/disk1/Photos/2014/04/19 April 2014/IMG_2622.JPG
/media/disk6/Dropbox/Camera Uploads/IMG_2620.JPG
src = 	/media/disk6/Dropbox/Camera Uploads/IMG_2620.JPG
dest = 	/media/disk1/Photos/2014/04/19 April 2014/IMG_2620.JPG
/media/disk6/Dropbox/Camera Uploads/IMG_2624.JPG
src = 	/media/disk6/Dropbox/Camera Uploads/IMG_2624.JPG
dest = 	/media/disk1/Photos/2014/04/19 April 2014/IMG_2624.JPG
/media/disk6/Dropbox/Camera Uploads/IMG_2621.JPG
src = 	/media/disk6/Dropbox/Camera Uploads/IMG_2621.JPG
dest = 	/media/disk1/Photos/2014/04/19 April 2014/IMG_2621.JPG
/media/disk6/Dropbox/Camera Uploads/2014-04-19 13.43.06.jpg
src = 	/media/disk6/Dropbox/Camera Uploads/2014-04-19 13.43.06.jpg
dest = 	/media/disk1/Photos/2014/04/19 April 2014/2014-04-19 13.43.06.jpg
/media/disk6/Dropbox/Camera Uploads/2014-04-19 13.42.57.jpg
src = 	/media/disk6/Dropbox/Camera Uploads/2014-04-19 13.42.57.jpg
dest = 	/media/disk1/Photos/2014/04/19 April 2014/2014-04-19 13.42.57.jpg
/media/disk6/Dropbox/Camera Uploads/2014-04-19 13.43.17.jpg
src = 	/media/disk6/Dropbox/Camera Uploads/2014-04-19 13.43.17.jpg
dest = 	/media/disk1/Photos/2014/04/19 April 2014/2014-04-19 13.43.17.jpg
/media/disk6/Dropbox/Camera Uploads/2014-04-19 13.43.08.jpg
src = 	/media/disk6/Dropbox/Camera Uploads/2014-04-19 13.43.08.jpg
dest = 	/media/disk1/Photos/2014/04/19 April 2014/2014-04-19 13.43.08.jpg
/media/disk6/Dropbox/Camera Uploads/2014-04-19 13.43.04.jpg
src = 	/media/disk6/Dropbox/Camera Uploads/2014-04-19 13.43.04.jpg
dest = 	/media/disk1/Photos/2014/04/19 April 2014/2014-04-19 13.43.04.jpg
/media/disk6/Dropbox/Camera Uploads/2014-04-20 11.40.54.jpg
src = 	/media/disk6/Dropbox/Camera Uploads/2014-04-20 11.40.54.jpg
dest = 	/media/disk1/Photos/2014/04/20 April 2014/2014-04-20 11.40.54.jpg
/media/disk6/Dropbox/Camera Uploads/2014-04-20 11.38.14.jpg
src = 	/media/disk6/Dropbox/Camera Uploads/2014-04-20 11.38.14.jpg
dest = 	/media/disk1/Photos/2014/04/20 April 2014/2014-04-20 11.38.14.jpg
/media/disk6/Dropbox/Camera Uploads/2014-04-20 13.30.13.jpg
src = 	/media/disk6/Dropbox/Camera Uploads/2014-04-20 13.30.13.jpg
dest = 	/media/disk1/Photos/2014/04/20 April 2014/2014-04-20 13.30.13.jpg
/media/disk6/Dropbox/Camera Uploads from Sarah/2014-04-21 10.53.25-1.jpg
src = 	/media/disk6/Dropbox/Camera Uploads from Sarah/2014-04-21 10.53.25-1.jpg
dest = 	/media/disk1/Photos/2014/04/21 April 2014/2014-04-21 10.53.25-1.jpg
/media/disk6/Dropbox/Camera Uploads from Sarah/2014-04-21 10.53.25-2.jpg
src = 	/media/disk6/Dropbox/Camera Uploads from Sarah/2014-04-21 10.53.25-2.jpg
dest = 	/media/disk1/Photos/2014/04/21 April 2014/2014-04-21 10.53.25-2.jpg
/media/disk6/Dropbox/Camera Uploads from Sarah/2014-04-21 10.53.27-1.jpg
src = 	/media/disk6/Dropbox/Camera Uploads from Sarah/2014-04-21 10.53.27-1.jpg
dest = 	/media/disk1/Photos/2014/04/21 April 2014/2014-04-21 10.53.27-1.jpg
/media/disk6/Dropbox/Camera Uploads from Sarah/2014-04-21 10.53.20.jpg
src = 	/media/disk6/Dropbox/Camera Uploads from Sarah/2014-04-21 10.53.20.jpg
dest = 	/media/disk1/Photos/2014/04/21 April 2014/2014-04-21 10.53.20.jpg
/media/disk6/Dropbox/Camera Uploads from Sarah/2014-04-21 10.53.27-2.jpg
src = 	/media/disk6/Dropbox/Camera Uploads from Sarah/2014-04-21 10.53.27-2.jpg
dest = 	/media/disk1/Photos/2014/04/21 April 2014/2014-04-21 10.53.27-2.jpg
/media/disk6/Dropbox/Camera Uploads from Sarah/2014-04-21 10.53.21.jpg
src = 	/media/disk6/Dropbox/Camera Uploads from Sarah/2014-04-21 10.53.21.jpg
dest = 	/media/disk1/Photos/2014/04/21 April 2014/2014-04-21 10.53.21.jpg
/media/disk6/Dropbox/Camera Uploads from Sarah/2014-04-21 14.32.38.jpg
src = 	/media/disk6/Dropbox/Camera Uploads from Sarah/2014-04-21 14.32.38.jpg
dest = 	/media/disk1/Photos/2014/04/21 April 2014/2014-04-21 14.32.38.jpg
/media/disk6/Dropbox/Camera Uploads from Sarah/2014-04-21 10.53.24.jpg
src = 	/media/disk6/Dropbox/Camera Uploads from Sarah/2014-04-21 10.53.24.jpg
dest = 	/media/disk1/Photos/2014/04/21 April 2014/2014-04-21 10.53.24.jpg
/media/disk6/Dropbox/Camera Uploads from Sarah/2014-04-21 10.53.19.jpg
src = 	/media/disk6/Dropbox/Camera Uploads from Sarah/2014-04-21 10.53.19.jpg
dest = 	/media/disk1/Photos/2014/04/21 April 2014/2014-04-21 10.53.19.jpg
/media/disk6/Dropbox/Camera Uploads/2014-04-21 10.57.37.jpg
src = 	/media/disk6/Dropbox/Camera Uploads/2014-04-21 10.57.37.jpg
dest = 	/media/disk1/Photos/2014/04/21 April 2014/2014-04-21 10.57.37.jpg
/media/disk6/Dropbox/Camera Uploads/2014-04-21 10.59.30.jpg
src = 	/media/disk6/Dropbox/Camera Uploads/2014-04-21 10.59.30.jpg
dest = 	/media/disk1/Photos/2014/04/21 April 2014/2014-04-21 10.59.30.jpg
/media/disk6/Dropbox/Camera Uploads/2014-04-21 13.55.41.jpg
src = 	/media/disk6/Dropbox/Camera Uploads/2014-04-21 13.55.41.jpg
dest = 	/media/disk1/Photos/2014/04/21 April 2014/2014-04-21 13.55.41.jpg
/media/disk6/Dropbox/Camera Uploads/2014-04-21 10.37.52.jpg
src = 	/media/disk6/Dropbox/Camera Uploads/2014-04-21 10.37.52.jpg
dest = 	/media/disk1/Photos/2014/04/21 April 2014/2014-04-21 10.37.52.jpg
/media/disk6/Dropbox/Camera Uploads/2014-04-21 10.59.34.jpg
src = 	/media/disk6/Dropbox/Camera Uploads/2014-04-21 10.59.34.jpg
dest = 	/media/disk1/Photos/2014/04/21 April 2014/2014-04-21 10.59.34.jpg
/media/disk6/Dropbox/Camera Uploads/2014-04-21 12.15.58.jpg
src = 	/media/disk6/Dropbox/Camera Uploads/2014-04-21 12.15.58.jpg
dest = 	/media/disk1/Photos/2014/04/21 April 2014/2014-04-21 12.15.58.jpg
/media/disk6/Dropbox/Camera Uploads/2014-04-21 10.59.18.jpg
src = 	/media/disk6/Dropbox/Camera Uploads/2014-04-21 10.59.18.jpg
dest = 	/media/disk1/Photos/2014/04/21 April 2014/2014-04-21 10.59.18.jpg
/media/disk6/Dropbox/Camera Uploads/2014-04-21 13.55.43.jpg
src = 	/media/disk6/Dropbox/Camera Uploads/2014-04-21 13.55.43.jpg
dest = 	/media/disk1/Photos/2014/04/21 April 2014/2014-04-21 13.55.43.jpg
/media/disk6/Dropbox/Camera Uploads/2014-04-21 10.59.16.jpg
src = 	/media/disk6/Dropbox/Camera Uploads/2014-04-21 10.59.16.jpg
dest = 	/media/disk1/Photos/2014/04/21 April 2014/2014-04-21 10.59.16.jpg
/media/disk6/Dropbox/Camera Uploads/2014-04-21 13.55.48.jpg
src = 	/media/disk6/Dropbox/Camera Uploads/2014-04-21 13.55.48.jpg
dest = 	/media/disk1/Photos/2014/04/21 April 2014/2014-04-21 13.55.48.jpg
/media/disk6/Dropbox/Camera Uploads/2014-04-21 10.59.35.jpg
src = 	/media/disk6/Dropbox/Camera Uploads/2014-04-21 10.59.35.jpg
dest = 	/media/disk1/Photos/2014/04/21 April 2014/2014-04-21 10.59.35.jpg
/media/disk6/Dropbox/Camera Uploads/2014-04-21 10.44.19.jpg
src = 	/media/disk6/Dropbox/Camera Uploads/2014-04-21 10.44.19.jpg
dest = 	/media/disk1/Photos/2014/04/21 April 2014/2014-04-21 10.44.19.jpg
/media/disk6/Dropbox/Camera Uploads/2014-04-21 10.44.16.jpg
src = 	/media/disk6/Dropbox/Camera Uploads/2014-04-21 10.44.16.jpg
dest = 	/media/disk1/Photos/2014/04/21 April 2014/2014-04-21 10.44.16.jpg
/media/disk6/Dropbox/Camera Uploads/2014-04-21 13.55.51.jpg
src = 	/media/disk6/Dropbox/Camera Uploads/2014-04-21 13.55.51.jpg
dest = 	/media/disk1/Photos/2014/04/21 April 2014/2014-04-21 13.55.51.jpg
/media/disk6/Dropbox/Camera Uploads/2014-04-21 10.59.01.jpg
src = 	/media/disk6/Dropbox/Camera Uploads/2014-04-21 10.59.01.jpg
dest = 	/media/disk1/Photos/2014/04/21 April 2014/2014-04-21 10.59.01.jpg
/media/disk6/Dropbox/Camera Uploads/2014-04-21 10.59.31.jpg
src = 	/media/disk6/Dropbox/Camera Uploads/2014-04-21 10.59.31.jpg
dest = 	/media/disk1/Photos/2014/04/21 April 2014/2014-04-21 10.59.31.jpg
/media/disk6/Dropbox/Camera Uploads from Sarah/2014-04-22 18.08.52.jpg
src = 	/media/disk6/Dropbox/Camera Uploads from Sarah/2014-04-22 18.08.52.jpg
dest = 	/media/disk1/Photos/2014/04/22 April 2014/2014-04-22 18.08.52.jpg
/media/disk6/Dropbox/Camera Uploads from Sarah/2014-04-22 18.09.01.jpg
src = 	/media/disk6/Dropbox/Camera Uploads from Sarah/2014-04-22 18.09.01.jpg
dest = 	/media/disk1/Photos/2014/04/22 April 2014/2014-04-22 18.09.01.jpg
/media/disk6/Dropbox/Camera Uploads from Sarah/2014-04-24 19.59.47.jpg
src = 	/media/disk6/Dropbox/Camera Uploads from Sarah/2014-04-24 19.59.47.jpg
dest = 	/media/disk1/Photos/2014/04/24 April 2014/2014-04-24 19.59.47.jpg
/media/disk6/Dropbox/Camera Uploads/2014-04-25 19.10.46.jpg
src = 	/media/disk6/Dropbox/Camera Uploads/2014-04-25 19.10.46.jpg
dest = 	/media/disk1/Photos/2014/04/25 April 2014/2014-04-25 19.10.46.jpg
/media/disk6/Dropbox/Camera Uploads/2014-04-25 19.10.57.jpg
src = 	/media/disk6/Dropbox/Camera Uploads/2014-04-25 19.10.57.jpg
dest = 	/media/disk1/Photos/2014/04/25 April 2014/2014-04-25 19.10.57.jpg
/media/disk6/Dropbox/Camera Uploads/2014-04-25 19.10.08.jpg
/media/disk6/Dropbox/Camera Uploads/2014-04-25 19.10.08.jpg
/media/disk6/Dropbox/Camera Uploads/2014-04-25 19.10.08.jpg
/media/disk6/Dropbox/Camera Uploads/2014-04-25 19.10.08.jpg
/media/disk6/Dropbox/Camera Uploads/2014-04-25 19.10.08.jpg
/media/disk6/Dropbox/Camera Uploads/2014-04-25 19.10.08.jpg
/media/disk6/Dropbox/Camera Uploads/2014-04-25 19.10.08.jpg
/media/disk6/Dropbox/Camera Uploads/2014-04-25 19.10.08.jpg
/media/disk6/Dropbox/Camera Uploads/2014-04-25 19.10.08.jpg
/media/disk6/Dropbox/Camera Uploads/2014-04-25 19.10.08.jpg
/media/disk6/Dropbox/Camera Uploads/2014-04-25 19.10.08.jpg
/media/disk6/Dropbox/Camera Uploads/2014-04-25 19.10.08.jpg
/media/disk6/Dropbox/Camera Uploads/2014-04-25 19.10.08.jpg
/media/disk6/Dropbox/Camera Uploads/2014-04-25 19.10.08.jpg
/media/disk6/Dropbox/Camera Uploads/2014-04-25 19.10.08.jpg
/media/disk6/Dropbox/Camera Uploads/2014-04-25 19.10.08.jpg
/media/disk6/Dropbox/Camera Uploads/2014-04-25 19.10.08.jpg
/media/disk6/Dropbox/Camera Uploads/2014-04-25 19.10.08.jpg
/media/disk6/Dropbox/Camera Uploads/2014-04-25 19.10.08.jpg
/media/disk6/Dropbox/Camera Uploads/2014-04-25 19.10.08.jpg
/media/disk6/Dropbox/Camera Uploads/2014-04-26 14.18.14.gif
no exif moving to manual sort /media/disk6/Dropbox/Camera Uploads/2014-04-26 14.18.14.gif
/media/disk6/Dropbox/Camera Uploads/2014-04-26 15.27.35.jpg
src = 	/media/disk6/Dropbox/Camera Uploads/2014-04-26 15.27.35.jpg
dest = 	/media/disk1/Photos/2014/04/26 April 2014/2014-04-26 15.27.35.jpg
/media/disk6/Dropbox/Camera Uploads/2014-04-25 19.10.08.jpg
/media/disk6/Dropbox/Camera Uploads/2014-04-25 19.10.08.jpg
/media/disk6/Dropbox/Camera Uploads/2014-04-25 19.10.08.jpg
/media/disk6/Dropbox/Camera Uploads/2014-04-25 19.10.08.jpg
/media/disk6/Dropbox/Camera Uploads/2014-05-14 17.30.14.jpg
src = 	/media/disk6/Dropbox/Camera Uploads/2014-05-14 17.30.14.jpg
dest = 	/media/disk1/Photos/2014/05/14 May 2014/2014-05-14 17.30.14.jpg
/media/disk6/Dropbox/Camera Uploads from Sarah/2014-05-16 09.11.48.jpg
src = 	/media/disk6/Dropbox/Camera Uploads from Sarah/2014-05-16 09.11.48.jpg
dest = 	/media/disk1/Photos/2014/05/16 May 2014/2014-05-16 09.11.48.jpg
/media/disk6/Dropbox/Camera Uploads from Sarah/2014-05-16 09.22.32.jpg
src = 	/media/disk6/Dropbox/Camera Uploads from Sarah/2014-05-16 09.22.32.jpg
dest = 	/media/disk1/Photos/2014/05/16 May 2014/2014-05-16 09.22.32.jpg
/media/disk6/Dropbox/Camera Uploads from Sarah/2014-05-16 09.22.29.jpg
src = 	/media/disk6/Dropbox/Camera Uploads from Sarah/2014-05-16 09.22.29.jpg
dest = 	/media/disk1/Photos/2014/05/16 May 2014/2014-05-16 09.22.29.jpg
/media/disk6/Dropbox/Camera Uploads from Sarah/2014-05-16 09.21.06.jpg
src = 	/media/disk6/Dropbox/Camera Uploads from Sarah/2014-05-16 09.21.06.jpg
dest = 	/media/disk1/Photos/2014/05/16 May 2014/2014-05-16 09.21.06.jpg
/media/disk6/Dropbox/Camera Uploads from Sarah/2014-05-16 09.25.51.mp4
no exif moving to manual sort /media/disk6/Dropbox/Camera Uploads from Sarah/2014-05-16 09.25.51.mp4
/media/disk6/Dropbox/Camera Uploads from Sarah/2014-05-16 09.20.58.jpg
src = 	/media/disk6/Dropbox/Camera Uploads from Sarah/2014-05-16 09.20.58.jpg
dest = 	/media/disk1/Photos/2014/05/16 May 2014/2014-05-16 09.20.58.jpg
/media/disk6/Dropbox/Camera Uploads from Sarah/2014-05-16 09.21.15.jpg
src = 	/media/disk6/Dropbox/Camera Uploads from Sarah/2014-05-16 09.21.15.jpg
dest = 	/media/disk1/Photos/2014/05/16 May 2014/2014-05-16 09.21.15.jpg
/media/disk6/Dropbox/Camera Uploads from Sarah/2014-05-16 09.21.25.jpg
src = 	/media/disk6/Dropbox/Camera Uploads from Sarah/2014-05-16 09.21.25.jpg
dest = 	/media/disk1/Photos/2014/05/16 May 2014/2014-05-16 09.21.25.jpg
/media/disk6/Dropbox/Camera Uploads from Sarah/2014-05-16 09.21.47.jpg
src = 	/media/disk6/Dropbox/Camera Uploads from Sarah/2014-05-16 09.21.47.jpg
dest = 	/media/disk1/Photos/2014/05/16 May 2014/2014-05-16 09.21.47.jpg
/media/disk6/Dropbox/Camera Uploads from Sarah/2014-05-16 09.22.43.jpg
src = 	/media/disk6/Dropbox/Camera Uploads from Sarah/2014-05-16 09.22.43.jpg
dest = 	/media/disk1/Photos/2014/05/16 May 2014/2014-05-16 09.22.43.jpg
/media/disk6/Dropbox/Camera Uploads from Sarah/2014-05-16 09.11.49.jpg
src = 	/media/disk6/Dropbox/Camera Uploads from Sarah/2014-05-16 09.11.49.jpg
dest = 	/media/disk1/Photos/2014/05/16 May 2014/2014-05-16 09.11.49.jpg
/media/disk6/Dropbox/Camera Uploads from Sarah/2014-05-16 09.37.12.jpg
src = 	/media/disk6/Dropbox/Camera Uploads from Sarah/2014-05-16 09.37.12.jpg
dest = 	/media/disk1/Photos/2014/05/16 May 2014/2014-05-16 09.37.12.jpg
/media/disk6/Dropbox/Camera Uploads/2014-05-16 17.08.45.jpg
src = 	/media/disk6/Dropbox/Camera Uploads/2014-05-16 17.08.45.jpg
dest = 	/media/disk1/Photos/2014/05/16 May 2014/2014-05-16 17.08.45.jpg
/media/disk6/Dropbox/Camera Uploads/2014-05-16 17.08.41.jpg
src = 	/media/disk6/Dropbox/Camera Uploads/2014-05-16 17.08.41.jpg
dest = 	/media/disk1/Photos/2014/05/16 May 2014/2014-05-16 17.08.41.jpg
/media/disk6/Dropbox/Camera Uploads/2014-05-16 17.08.44.jpg
src = 	/media/disk6/Dropbox/Camera Uploads/2014-05-16 17.08.44.jpg
dest = 	/media/disk1/Photos/2014/05/16 May 2014/2014-05-16 17.08.44.jpg
/media/disk6/Dropbox/Camera Uploads/2014-05-16 17.08.37.jpg
src = 	/media/disk6/Dropbox/Camera Uploads/2014-05-16 17.08.37.jpg
dest = 	/media/disk1/Photos/2014/05/16 May 2014/2014-05-16 17.08.37.jpg
/media/disk6/Dropbox/Camera Uploads from Sarah/2014-05-16 17.41.52.jpg
src = 	/media/disk6/Dropbox/Camera Uploads from Sarah/2014-05-16 17.41.52.jpg
dest = 	/media/disk1/Photos/2014/05/16 May 2014/2014-05-16 17.41.52.jpg
/media/disk6/Dropbox/Camera Uploads from Sarah/2014-05-16 15.34.38.jpg
src = 	/media/disk6/Dropbox/Camera Uploads from Sarah/2014-05-16 15.34.38.jpg
dest = 	/media/disk1/Photos/2014/05/16 May 2014/2014-05-16 15.34.38.jpg
/media/disk6/Dropbox/Camera Uploads from Sarah/2014-05-16 15.35.19.jpg
src = 	/media/disk6/Dropbox/Camera Uploads from Sarah/2014-05-16 15.35.19.jpg
dest = 	/media/disk1/Photos/2014/05/16 May 2014/2014-05-16 15.35.19.jpg
/media/disk6/Dropbox/Camera Uploads from Sarah/2014-05-16 17.41.55.jpg
src = 	/media/disk6/Dropbox/Camera Uploads from Sarah/2014-05-16 17.41.55.jpg
dest = 	/media/disk1/Photos/2014/05/16 May 2014/2014-05-16 17.41.55.jpg
/media/disk6/Dropbox/Camera Uploads from Sarah/2014-05-16 17.42.00.jpg
src = 	/media/disk6/Dropbox/Camera Uploads from Sarah/2014-05-16 17.42.00.jpg
dest = 	/media/disk1/Photos/2014/05/16 May 2014/2014-05-16 17.42.00.jpg
/media/disk6/Dropbox/Camera Uploads/2014-05-17 12.15.48.jpg
src = 	/media/disk6/Dropbox/Camera Uploads/2014-05-17 12.15.48.jpg
dest = 	/media/disk1/Photos/2014/05/17 May 2014/2014-05-17 12.15.48.jpg
/media/disk6/Dropbox/Camera Uploads/2014-05-17 12.15.41.jpg
src = 	/media/disk6/Dropbox/Camera Uploads/2014-05-17 12.15.41.jpg
dest = 	/media/disk1/Photos/2014/05/17 May 2014/2014-05-17 12.15.41.jpg
/media/disk6/Dropbox/Camera Uploads/2014-05-17 13.05.23.mp4
no exif moving to manual sort /media/disk6/Dropbox/Camera Uploads/2014-05-17 13.05.23.mp4
/media/disk6/Dropbox/Camera Uploads from Sarah/2014-05-17 12.51.10.jpg
src = 	/media/disk6/Dropbox/Camera Uploads from Sarah/2014-05-17 12.51.10.jpg
dest = 	/media/disk1/Photos/2014/05/17 May 2014/2014-05-17 12.51.10.jpg
/media/disk6/Dropbox/Camera Uploads from Sarah/2014-05-17 13.02.12.jpg
src = 	/media/disk6/Dropbox/Camera Uploads from Sarah/2014-05-17 13.02.12.jpg
dest = 	/media/disk1/Photos/2014/05/17 May 2014/2014-05-17 13.02.12.jpg
/media/disk6/Dropbox/Camera Uploads from Sarah/2014-05-17 13.03.24.jpg
src = 	/media/disk6/Dropbox/Camera Uploads from Sarah/2014-05-17 13.03.24.jpg
dest = 	/media/disk1/Photos/2014/05/17 May 2014/2014-05-17 13.03.24.jpg
/media/disk6/Dropbox/Camera Uploads from Sarah/2014-05-17 13.03.21.jpg
src = 	/media/disk6/Dropbox/Camera Uploads from Sarah/2014-05-17 13.03.21.jpg
dest = 	/media/disk1/Photos/2014/05/17 May 2014/2014-05-17 13.03.21.jpg
/media/disk6/Dropbox/Camera Uploads from Sarah/2014-05-17 13.02.08.jpg
src = 	/media/disk6/Dropbox/Camera Uploads from Sarah/2014-05-17 13.02.08.jpg
dest = 	/media/disk1/Photos/2014/05/17 May 2014/2014-05-17 13.02.08.jpg
/media/disk6/Dropbox/Camera Uploads from Sarah/2014-05-17 13.03.09.jpg
src = 	/media/disk6/Dropbox/Camera Uploads from Sarah/2014-05-17 13.03.09.jpg
dest = 	/media/disk1/Photos/2014/05/17 May 2014/2014-05-17 13.03.09.jpg
/media/disk6/Dropbox/Camera Uploads/2014-05-17 21.20.25.jpg
src = 	/media/disk6/Dropbox/Camera Uploads/2014-05-17 21.20.25.jpg
dest = 	/media/disk1/Photos/2014/05/17 May 2014/2014-05-17 21.20.25.jpg
/media/disk6/Dropbox/Camera Uploads/2014-05-18 07.54.06.mp4
no exif moving to manual sort /media/disk6/Dropbox/Camera Uploads/2014-05-18 07.54.06.mp4
/media/disk6/Dropbox/Camera Uploads/2014-05-18 08.53.11.jpg
src = 	/media/disk6/Dropbox/Camera Uploads/2014-05-18 08.53.11.jpg
dest = 	/media/disk1/Photos/2014/05/18 May 2014/2014-05-18 08.53.11.jpg
/media/disk6/Dropbox/Camera Uploads/2014-05-18 08.53.09.jpg
src = 	/media/disk6/Dropbox/Camera Uploads/2014-05-18 08.53.09.jpg
dest = 	/media/disk1/Photos/2014/05/18 May 2014/2014-05-18 08.53.09.jpg
/media/disk6/Dropbox/Camera Uploads/2014-05-18 11.36.31.jpg
src = 	/media/disk6/Dropbox/Camera Uploads/2014-05-18 11.36.31.jpg
dest = 	/media/disk1/Photos/2014/05/18 May 2014/2014-05-18 11.36.31.jpg
/media/disk6/Dropbox/Camera Uploads/2014-05-18 11.36.20.jpg
src = 	/media/disk6/Dropbox/Camera Uploads/2014-05-18 11.36.20.jpg
dest = 	/media/disk1/Photos/2014/05/18 May 2014/2014-05-18 11.36.20.jpg
/media/disk6/Dropbox/Camera Uploads from Sarah/2014-05-18 13.52.08.jpg
src = 	/media/disk6/Dropbox/Camera Uploads from Sarah/2014-05-18 13.52.08.jpg
dest = 	/media/disk1/Photos/2014/05/18 May 2014/2014-05-18 13.52.08.jpg
/media/disk6/Dropbox/Camera Uploads from Sarah/2014-05-18 13.53.18.jpg
src = 	/media/disk6/Dropbox/Camera Uploads from Sarah/2014-05-18 13.53.18.jpg
dest = 	/media/disk1/Photos/2014/05/18 May 2014/2014-05-18 13.53.18.jpg
/media/disk6/Dropbox/Camera Uploads from Sarah/2014-05-18 13.51.54.jpg
src = 	/media/disk6/Dropbox/Camera Uploads from Sarah/2014-05-18 13.51.54.jpg
dest = 	/media/disk1/Photos/2014/05/18 May 2014/2014-05-18 13.51.54.jpg
/media/disk6/Dropbox/Camera Uploads from Sarah/2014-05-18 13.51.59.jpg
src = 	/media/disk6/Dropbox/Camera Uploads from Sarah/2014-05-18 13.51.59.jpg
dest = 	/media/disk1/Photos/2014/05/18 May 2014/2014-05-18 13.51.59.jpg
/media/disk6/Dropbox/Camera Uploads from Sarah/2014-05-18 13.52.02.jpg
src = 	/media/disk6/Dropbox/Camera Uploads from Sarah/2014-05-18 13.52.02.jpg
dest = 	/media/disk1/Photos/2014/05/18 May 2014/2014-05-18 13.52.02.jpg
/media/disk6/Dropbox/Camera Uploads from Sarah/2014-05-18 13.51.46.jpg
src = 	/media/disk6/Dropbox/Camera Uploads from Sarah/2014-05-18 13.51.46.jpg
dest = 	/media/disk1/Photos/2014/05/18 May 2014/2014-05-18 13.51.46.jpg
/media/disk6/Dropbox/Camera Uploads from Sarah/2014-05-18 13.53.22.jpg
src = 	/media/disk6/Dropbox/Camera Uploads from Sarah/2014-05-18 13.53.22.jpg
dest = 	/media/disk1/Photos/2014/05/18 May 2014/2014-05-18 13.53.22.jpg
/media/disk6/Dropbox/Camera Uploads from Sarah/2014-05-18 13.51.56.jpg
src = 	/media/disk6/Dropbox/Camera Uploads from Sarah/2014-05-18 13.51.56.jpg
dest = 	/media/disk1/Photos/2014/05/18 May 2014/2014-05-18 13.51.56.jpg
/media/disk6/Dropbox/Camera Uploads/2014-05-18 16.56.23.jpg
src = 	/media/disk6/Dropbox/Camera Uploads/2014-05-18 16.56.23.jpg
dest = 	/media/disk1/Photos/2014/05/18 May 2014/2014-05-18 16.56.23.jpg
/media/disk6/Dropbox/Camera Uploads/2014-05-18 16.54.53.jpg
src = 	/media/disk6/Dropbox/Camera Uploads/2014-05-18 16.54.53.jpg
dest = 	/media/disk1/Photos/2014/05/18 May 2014/2014-05-18 16.54.53.jpg
/media/disk6/Dropbox/Camera Uploads/2014-05-18 16.56.41.jpg
src = 	/media/disk6/Dropbox/Camera Uploads/2014-05-18 16.56.41.jpg
dest = 	/media/disk1/Photos/2014/05/18 May 2014/2014-05-18 16.56.41.jpg
/media/disk6/Dropbox/Camera Uploads/2014-05-18 16.55.42.jpg
src = 	/media/disk6/Dropbox/Camera Uploads/2014-05-18 16.55.42.jpg
dest = 	/media/disk1/Photos/2014/05/18 May 2014/2014-05-18 16.55.42.jpg
/media/disk6/Dropbox/Camera Uploads/2014-05-18 16.55.38.jpg
src = 	/media/disk6/Dropbox/Camera Uploads/2014-05-18 16.55.38.jpg
dest = 	/media/disk1/Photos/2014/05/18 May 2014/2014-05-18 16.55.38.jpg
/media/disk6/Dropbox/Camera Uploads/2014-05-18 16.56.43.jpg
src = 	/media/disk6/Dropbox/Camera Uploads/2014-05-18 16.56.43.jpg
dest = 	/media/disk1/Photos/2014/05/18 May 2014/2014-05-18 16.56.43.jpg
/media/disk6/Dropbox/Camera Uploads/2014-05-18 16.53.49.jpg
src = 	/media/disk6/Dropbox/Camera Uploads/2014-05-18 16.53.49.jpg
dest = 	/media/disk1/Photos/2014/05/18 May 2014/2014-05-18 16.53.49.jpg
/media/disk6/Dropbox/Camera Uploads/2014-05-18 16.56.22.jpg
src = 	/media/disk6/Dropbox/Camera Uploads/2014-05-18 16.56.22.jpg
dest = 	/media/disk1/Photos/2014/05/18 May 2014/2014-05-18 16.56.22.jpg
/media/disk6/Dropbox/Camera Uploads/2014-05-18 16.54.57.jpg
src = 	/media/disk6/Dropbox/Camera Uploads/2014-05-18 16.54.57.jpg
dest = 	/media/disk1/Photos/2014/05/18 May 2014/2014-05-18 16.54.57.jpg
/media/disk6/Dropbox/Camera Uploads/2014-05-18 11.33.52.mp4
no exif moving to manual sort /media/disk6/Dropbox/Camera Uploads/2014-05-18 11.33.52.mp4
/media/disk6/Dropbox/Camera Uploads/2014-05-18 15.54.27.mp4
no exif moving to manual sort /media/disk6/Dropbox/Camera Uploads/2014-05-18 15.54.27.mp4
/media/disk6/Dropbox/Camera Uploads/2014-05-18 16.56.25.jpg
src = 	/media/disk6/Dropbox/Camera Uploads/2014-05-18 16.56.25.jpg
dest = 	/media/disk1/Photos/2014/05/18 May 2014/2014-05-18 16.56.25.jpg
/media/disk6/Dropbox/Camera Uploads/2014-05-18 16.56.20.jpg
src = 	/media/disk6/Dropbox/Camera Uploads/2014-05-18 16.56.20.jpg
dest = 	/media/disk1/Photos/2014/05/18 May 2014/2014-05-18 16.56.20.jpg
/media/disk6/Dropbox/Camera Uploads/2014-05-18 16.53.46.jpg
src = 	/media/disk6/Dropbox/Camera Uploads/2014-05-18 16.53.46.jpg
dest = 	/media/disk1/Photos/2014/05/18 May 2014/2014-05-18 16.53.46.jpg
/media/disk6/Dropbox/Camera Uploads/2014-05-18 16.56.47.jpg
src = 	/media/disk6/Dropbox/Camera Uploads/2014-05-18 16.56.47.jpg
dest = 	/media/disk1/Photos/2014/05/18 May 2014/2014-05-18 16.56.47.jpg
/media/disk6/Dropbox/Camera Uploads from Sarah/2014-05-19 07.06.02.jpg
src = 	/media/disk6/Dropbox/Camera Uploads from Sarah/2014-05-19 07.06.02.jpg
dest = 	/media/disk1/Photos/2014/05/19 May 2014/2014-05-19 07.06.02.jpg
/media/disk6/Dropbox/Camera Uploads from Sarah/2014-05-19 07.07.01.jpg
src = 	/media/disk6/Dropbox/Camera Uploads from Sarah/2014-05-19 07.07.01.jpg
dest = 	/media/disk1/Photos/2014/05/19 May 2014/2014-05-19 07.07.01.jpg
/media/disk6/Dropbox/Camera Uploads from Sarah/2014-05-19 07.06.08.jpg
src = 	/media/disk6/Dropbox/Camera Uploads from Sarah/2014-05-19 07.06.08.jpg
dest = 	/media/disk1/Photos/2014/05/19 May 2014/2014-05-19 07.06.08.jpg
/media/disk6/Dropbox/Camera Uploads from Sarah/2014-05-19 07.05.59.jpg
src = 	/media/disk6/Dropbox/Camera Uploads from Sarah/2014-05-19 07.05.59.jpg
dest = 	/media/disk1/Photos/2014/05/19 May 2014/2014-05-19 07.05.59.jpg
/media/disk6/Dropbox/Camera Uploads/2014-05-19 18.37.19.jpg
src = 	/media/disk6/Dropbox/Camera Uploads/2014-05-19 18.37.19.jpg
dest = 	/media/disk1/Photos/2014/05/19 May 2014/2014-05-19 18.37.19.jpg
/media/disk6/Dropbox/Camera Uploads/2014-05-19 18.37.44.jpg
src = 	/media/disk6/Dropbox/Camera Uploads/2014-05-19 18.37.44.jpg
dest = 	/media/disk1/Photos/2014/05/19 May 2014/2014-05-19 18.37.44.jpg
/media/disk6/Dropbox/Camera Uploads/2014-05-20 21.34.24.jpg
src = 	/media/disk6/Dropbox/Camera Uploads/2014-05-20 21.34.24.jpg
dest = 	/media/disk1/Photos/2014/05/20 May 2014/2014-05-20 21.34.24.jpg
/media/disk6/Dropbox/Camera Uploads/2014-05-20 21.33.42.jpg
src = 	/media/disk6/Dropbox/Camera Uploads/2014-05-20 21.33.42.jpg
dest = 	/media/disk1/Photos/2014/05/20 May 2014/2014-05-20 21.33.42.jpg
/media/disk6/Dropbox/Camera Uploads/2014-05-21 09.37.40.jpg
src = 	/media/disk6/Dropbox/Camera Uploads/2014-05-21 09.37.40.jpg
dest = 	/media/disk1/Photos/2014/05/21 May 2014/2014-05-21 09.37.40.jpg
/media/disk6/Dropbox/Camera Uploads/2014-05-21 08.55.49.jpg
src = 	/media/disk6/Dropbox/Camera Uploads/2014-05-21 08.55.49.jpg
dest = 	/media/disk1/Photos/2014/05/21 May 2014/2014-05-21 08.55.49.jpg
/media/disk6/Dropbox/Camera Uploads/2014-05-23 13.53.48.jpg
src = 	/media/disk6/Dropbox/Camera Uploads/2014-05-23 13.53.48.jpg
dest = 	/media/disk1/Photos/2014/05/23 May 2014/2014-05-23 13.53.48.jpg
/media/disk6/Dropbox/Camera Uploads/2014-05-23 14.34.46.gif
no exif moving to manual sort /media/disk6/Dropbox/Camera Uploads/2014-05-23 14.34.46.gif
/media/disk6/Dropbox/Camera Uploads/2014-05-23 12.35.19.gif
no exif moving to manual sort /media/disk6/Dropbox/Camera Uploads/2014-05-23 12.35.19.gif
/media/disk6/Dropbox/Camera Uploads/2014-05-23 17.43.04.jpg
src = 	/media/disk6/Dropbox/Camera Uploads/2014-05-23 17.43.04.jpg
dest = 	/media/disk1/Photos/2014/05/23 May 2014/2014-05-23 17.43.04.jpg
/media/disk6/Dropbox/Camera Uploads/2014-05-23 16.35.04.jpg
src = 	/media/disk6/Dropbox/Camera Uploads/2014-05-23 16.35.04.jpg
dest = 	/media/disk1/Photos/2014/05/23 May 2014/2014-05-23 16.35.04.jpg
/media/disk6/Dropbox/Camera Uploads/2014-05-23 13.06.48.jpg
src = 	/media/disk6/Dropbox/Camera Uploads/2014-05-23 13.06.48.jpg
dest = 	/media/disk1/Photos/2014/05/23 May 2014/2014-05-23 13.06.48.jpg
/media/disk6/Dropbox/Camera Uploads/2014-05-23 17.16.45.jpg
src = 	/media/disk6/Dropbox/Camera Uploads/2014-05-23 17.16.45.jpg
dest = 	/media/disk1/Photos/2014/05/23 May 2014/2014-05-23 17.16.45.jpg
/media/disk6/Dropbox/Camera Uploads/2014-05-23 13.53.41.jpg
src = 	/media/disk6/Dropbox/Camera Uploads/2014-05-23 13.53.41.jpg
dest = 	/media/disk1/Photos/2014/05/23 May 2014/2014-05-23 13.53.41.jpg
/media/disk6/Dropbox/Camera Uploads/2014-05-23 13.53.54.jpg
src = 	/media/disk6/Dropbox/Camera Uploads/2014-05-23 13.53.54.jpg
dest = 	/media/disk1/Photos/2014/05/23 May 2014/2014-05-23 13.53.54.jpg
/media/disk6/Dropbox/Camera Uploads/2014-05-23 12.59.07.gif
no exif moving to manual sort /media/disk6/Dropbox/Camera Uploads/2014-05-23 12.59.07.gif
/media/disk6/Dropbox/Camera Uploads/2014-05-23 17.16.41.jpg
src = 	/media/disk6/Dropbox/Camera Uploads/2014-05-23 17.16.41.jpg
dest = 	/media/disk1/Photos/2014/05/23 May 2014/2014-05-23 17.16.41.jpg
/media/disk6/Dropbox/Camera Uploads/2014-05-23 11.39.22.jpg
src = 	/media/disk6/Dropbox/Camera Uploads/2014-05-23 11.39.22.jpg
dest = 	/media/disk1/Photos/2014/05/23 May 2014/2014-05-23 11.39.22.jpg
/media/disk6/Dropbox/Camera Uploads/2014-05-23 13.32.18.jpg
src = 	/media/disk6/Dropbox/Camera Uploads/2014-05-23 13.32.18.jpg
dest = 	/media/disk1/Photos/2014/05/23 May 2014/2014-05-23 13.32.18.jpg
/media/disk6/Dropbox/Camera Uploads/2014-05-23 17.45.24.jpg
src = 	/media/disk6/Dropbox/Camera Uploads/2014-05-23 17.45.24.jpg
dest = 	/media/disk1/Photos/2014/05/23 May 2014/2014-05-23 17.45.24.jpg
/media/disk6/Dropbox/Camera Uploads/2014-05-23 18.00.01.jpg
src = 	/media/disk6/Dropbox/Camera Uploads/2014-05-23 18.00.01.jpg
dest = 	/media/disk1/Photos/2014/05/23 May 2014/2014-05-23 18.00.01.jpg
/media/disk6/Dropbox/Camera Uploads/2014-05-23 18.28.26.jpg
src = 	/media/disk6/Dropbox/Camera Uploads/2014-05-23 18.28.26.jpg
dest = 	/media/disk1/Photos/2014/05/23 May 2014/2014-05-23 18.28.26.jpg
/media/disk6/Dropbox/Camera Uploads/2014-05-23 23.42.37.jpg
src = 	/media/disk6/Dropbox/Camera Uploads/2014-05-23 23.42.37.jpg
dest = 	/media/disk1/Photos/2014/05/23 May 2014/2014-05-23 23.42.37.jpg
/media/disk6/Dropbox/Camera Uploads/2014-05-23 23.42.20.jpg
src = 	/media/disk6/Dropbox/Camera Uploads/2014-05-23 23.42.20.jpg
dest = 	/media/disk1/Photos/2014/05/23 May 2014/2014-05-23 23.42.20.jpg
/media/disk6/Dropbox/Camera Uploads/2014-05-23 23.44.53.jpg
src = 	/media/disk6/Dropbox/Camera Uploads/2014-05-23 23.44.53.jpg
dest = 	/media/disk1/Photos/2014/05/23 May 2014/2014-05-23 23.44.53.jpg
/media/disk6/Dropbox/Camera Uploads/2014-05-23 20.31.35.jpg
src = 	/media/disk6/Dropbox/Camera Uploads/2014-05-23 20.31.35.jpg
dest = 	/media/disk1/Photos/2014/05/23 May 2014/2014-05-23 20.31.35.jpg
/media/disk6/Dropbox/Camera Uploads/2014-05-23 21.45.24.jpg
src = 	/media/disk6/Dropbox/Camera Uploads/2014-05-23 21.45.24.jpg
dest = 	/media/disk1/Photos/2014/05/23 May 2014/2014-05-23 21.45.24.jpg
/media/disk6/Dropbox/Camera Uploads/2014-05-23 19.44.44.jpg
src = 	/media/disk6/Dropbox/Camera Uploads/2014-05-23 19.44.44.jpg
dest = 	/media/disk1/Photos/2014/05/23 May 2014/2014-05-23 19.44.44.jpg
/media/disk6/Dropbox/Camera Uploads/2014-05-23 21.45.32.jpg
src = 	/media/disk6/Dropbox/Camera Uploads/2014-05-23 21.45.32.jpg
dest = 	/media/disk1/Photos/2014/05/23 May 2014/2014-05-23 21.45.32.jpg
/media/disk6/Dropbox/Camera Uploads/2014-05-23 23.42.12.jpg
src = 	/media/disk6/Dropbox/Camera Uploads/2014-05-23 23.42.12.jpg
dest = 	/media/disk1/Photos/2014/05/23 May 2014/2014-05-23 23.42.12.jpg
/media/disk6/Dropbox/Camera Uploads/2014-05-23 19.15.27.jpg
src = 	/media/disk6/Dropbox/Camera Uploads/2014-05-23 19.15.27.jpg
dest = 	/media/disk1/Photos/2014/05/23 May 2014/2014-05-23 19.15.27.jpg
/media/disk6/Dropbox/Camera Uploads/2014-05-23 23.42.44.jpg
src = 	/media/disk6/Dropbox/Camera Uploads/2014-05-23 23.42.44.jpg
dest = 	/media/disk1/Photos/2014/05/23 May 2014/2014-05-23 23.42.44.jpg
/media/disk6/Dropbox/Camera Uploads/2014-05-23 19.15.37.jpg
src = 	/media/disk6/Dropbox/Camera Uploads/2014-05-23 19.15.37.jpg
dest = 	/media/disk1/Photos/2014/05/23 May 2014/2014-05-23 19.15.37.jpg
/media/disk6/Dropbox/Camera Uploads/2014-05-23 21.46.19.jpg
src = 	/media/disk6/Dropbox/Camera Uploads/2014-05-23 21.46.19.jpg
dest = 	/media/disk1/Photos/2014/05/23 May 2014/2014-05-23 21.46.19.jpg
/media/disk6/Dropbox/Camera Uploads/2014-05-23 19.44.27.jpg
src = 	/media/disk6/Dropbox/Camera Uploads/2014-05-23 19.44.27.jpg
dest = 	/media/disk1/Photos/2014/05/23 May 2014/2014-05-23 19.44.27.jpg
/media/disk6/Dropbox/Camera Uploads/2014-05-23 16.29.38.gif
no exif moving to manual sort /media/disk6/Dropbox/Camera Uploads/2014-05-23 16.29.38.gif
/media/disk6/Dropbox/Camera Uploads/2014-05-23 21.45.14.jpg
src = 	/media/disk6/Dropbox/Camera Uploads/2014-05-23 21.45.14.jpg
dest = 	/media/disk1/Photos/2014/05/23 May 2014/2014-05-23 21.45.14.jpg
/media/disk6/Dropbox/Camera Uploads/2014-05-23 19.15.30.jpg
src = 	/media/disk6/Dropbox/Camera Uploads/2014-05-23 19.15.30.jpg
dest = 	/media/disk1/Photos/2014/05/23 May 2014/2014-05-23 19.15.30.jpg
/media/disk6/Dropbox/Camera Uploads/2014-05-24 11.21.13.jpg
src = 	/media/disk6/Dropbox/Camera Uploads/2014-05-24 11.21.13.jpg
dest = 	/media/disk1/Photos/2014/05/24 May 2014/2014-05-24 11.21.13.jpg
/media/disk6/Dropbox/Camera Uploads/2014-05-24 11.20.50.jpg
src = 	/media/disk6/Dropbox/Camera Uploads/2014-05-24 11.20.50.jpg
dest = 	/media/disk1/Photos/2014/05/24 May 2014/2014-05-24 11.20.50.jpg
/media/disk6/Dropbox/Camera Uploads/2014-05-24 11.20.56.jpg
src = 	/media/disk6/Dropbox/Camera Uploads/2014-05-24 11.20.56.jpg
dest = 	/media/disk1/Photos/2014/05/24 May 2014/2014-05-24 11.20.56.jpg
/media/disk6/Dropbox/Camera Uploads/2014-05-24 11.21.10.jpg
src = 	/media/disk6/Dropbox/Camera Uploads/2014-05-24 11.21.10.jpg
dest = 	/media/disk1/Photos/2014/05/24 May 2014/2014-05-24 11.21.10.jpg
/media/disk6/Dropbox/Camera Uploads/2014-05-24 11.22.48.jpg
src = 	/media/disk6/Dropbox/Camera Uploads/2014-05-24 11.22.48.jpg
dest = 	/media/disk1/Photos/2014/05/24 May 2014/2014-05-24 11.22.48.jpg
/media/disk6/Dropbox/Camera Uploads/2014-05-24 12.04.13.jpg
src = 	/media/disk6/Dropbox/Camera Uploads/2014-05-24 12.04.13.jpg
dest = 	/media/disk1/Photos/2014/05/24 May 2014/2014-05-24 12.04.13.jpg
/media/disk6/Dropbox/Camera Uploads/2014-05-24 13.00.19.jpg
src = 	/media/disk6/Dropbox/Camera Uploads/2014-05-24 13.00.19.jpg
dest = 	/media/disk1/Photos/2014/05/24 May 2014/2014-05-24 13.00.19.jpg
/media/disk6/Dropbox/Camera Uploads/2014-05-24 15.25.07.jpg
/media/disk6/Dropbox/Camera Uploads/2014-05-24 16.28.46.jpg
src = 	/media/disk6/Dropbox/Camera Uploads/2014-05-24 16.28.46.jpg
dest = 	/media/disk1/Photos/2014/05/24 May 2014/2014-05-24 16.28.46.jpg
/media/disk6/Dropbox/Camera Uploads/2014-05-24 15.25.07.jpg
/media/disk6/Dropbox/Camera Uploads/2014-05-24 15.25.07.jpg
/media/disk6/Dropbox/Camera Uploads/2014-05-24 15.39.28.gif
no exif moving to manual sort /media/disk6/Dropbox/Camera Uploads/2014-05-24 15.39.28.gif
/media/disk6/Dropbox/Camera Uploads/2014-05-24 15.25.07.jpg
/media/disk6/Dropbox/Camera Uploads/2014-05-24 15.25.07.jpg
/media/disk6/Dropbox/Camera Uploads/2014-05-24 19.51.21.jpg
src = 	/media/disk6/Dropbox/Camera Uploads/2014-05-24 19.51.21.jpg
dest = 	/media/disk1/Photos/2014/05/24 May 2014/2014-05-24 19.51.21.jpg
/media/disk6/Dropbox/Camera Uploads/2014-05-24 15.25.07.jpg
/media/disk6/Dropbox/Camera Uploads/2014-05-24 15.25.07.jpg
/media/disk6/Dropbox/Camera Uploads/2014-05-24 15.25.07.jpg
/media/disk6/Dropbox/Camera Uploads/2014-05-24 15.25.07.jpg
/media/disk6/Dropbox/Camera Uploads/2014-05-24 15.25.07.jpg
/media/disk6/Dropbox/Camera Uploads/2014-05-24 15.25.07.jpg
/media/disk6/Dropbox/Camera Uploads/2014-05-24 15.25.07.jpg
/media/disk6/Dropbox/Camera Uploads/2014-05-24 15.25.07.jpg
/media/disk6/Dropbox/Camera Uploads/2014-05-24 15.25.07.jpg
/media/disk6/Dropbox/Camera Uploads/2014-05-24 15.25.07.jpg
/media/disk6/Dropbox/Camera Uploads/2014-05-24 15.25.07.jpg
/media/disk6/Dropbox/Camera Uploads/2014-05-24 15.25.07.jpg
/media/disk6/Dropbox/Camera Uploads/2014-05-24 15.25.07.jpg
/media/disk6/Dropbox/Camera Uploads/2014-05-24 15.25.07.jpg
/media/disk6/Dropbox/Camera Uploads/2014-05-24 21.40.39.jpg
src = 	/media/disk6/Dropbox/Camera Uploads/2014-05-24 21.40.39.jpg
dest = 	/media/disk1/Photos/2014/05/24 May 2014/2014-05-24 21.40.39.jpg
/media/disk6/Dropbox/Camera Uploads/2014-05-24 20.21.37.jpg
src = 	/media/disk6/Dropbox/Camera Uploads/2014-05-24 20.21.37.jpg
dest = 	/media/disk1/Photos/2014/05/24 May 2014/2014-05-24 20.21.37.jpg
/media/disk6/Dropbox/Camera Uploads/2014-05-24 20.22.16.jpg
src = 	/media/disk6/Dropbox/Camera Uploads/2014-05-24 20.22.16.jpg
dest = 	/media/disk1/Photos/2014/05/24 May 2014/2014-05-24 20.22.16.jpg
/media/disk6/Dropbox/Camera Uploads/2014-05-24 15.25.07.jpg
/media/disk6/Dropbox/Camera Uploads/2014-05-24 15.25.07.jpg
/media/disk6/Dropbox/Camera Uploads/2014-05-24 15.25.07.jpg
/media/disk6/Dropbox/Camera Uploads/2014-05-24 15.25.07.jpg
/media/disk6/Dropbox/Camera Uploads/2014-05-24 15.25.07.jpg
/media/disk6/Dropbox/Camera Uploads/2014-05-25 13.04.43.jpg
no exif moving to manual sort /media/disk6/Dropbox/Camera Uploads/2014-05-25 13.04.43.jpg
/media/disk6/Dropbox/Camera Uploads/2014-05-24 15.25.07.jpg
/media/disk6/Dropbox/Camera Uploads/2014-05-24 15.25.07.jpg
/media/disk6/Dropbox/Camera Uploads/2014-05-24 15.25.07.jpg
/media/disk6/Dropbox/Camera Uploads/2014-05-24 15.25.07.jpg
/media/disk6/Dropbox/Camera Uploads/2014-05-24 15.25.07.jpg
/media/disk6/Dropbox/Camera Uploads/2014-05-24 15.25.07.jpg
/media/disk6/Dropbox/Camera Uploads/2014-05-24 15.25.07.jpg
/media/disk6/Dropbox/Camera Uploads/2014-05-24 15.25.07.jpg
/media/disk6/Dropbox/Camera Uploads/2014-05-24 15.25.07.jpg
/media/disk6/Dropbox/Camera Uploads/2014-05-24 15.25.07.jpg
/media/disk6/Dropbox/Camera Uploads/2014-05-24 15.25.07.jpg
/media/disk6/Dropbox/Camera Uploads/2014-05-24 15.25.07.jpg
/media/disk6/Dropbox/Camera Uploads/2014-05-24 15.25.07.jpg
/media/disk6/Dropbox/Camera Uploads/2014-05-24 15.25.07.jpg
/media/disk6/Dropbox/Camera Uploads/2014-05-24 15.25.07.jpg
/media/disk6/Dropbox/Camera Uploads/2014-05-24 15.25.07.jpg
/media/disk6/Dropbox/Camera Uploads/2014-05-24 15.25.07.jpg
/media/disk6/Dropbox/Camera Uploads/2014-05-24 15.25.07.jpg
/media/disk6/Dropbox/Camera Uploads/2014-05-24 15.25.07.jpg
/media/disk6/Dropbox/Camera Uploads/2014-05-24 15.25.07.jpg
/media/disk6/Dropbox/Camera Uploads/2014-05-24 15.25.07.jpg
/media/disk6/Dropbox/Camera Uploads/2014-05-24 15.25.07.jpg
/media/disk6/Dropbox/Camera Uploads/2014-05-24 15.25.07.jpg
/media/disk6/Dropbox/Camera Uploads/2014-05-26 15.07.49.mp4
no exif moving to manual sort /media/disk6/Dropbox/Camera Uploads/2014-05-26 15.07.49.mp4
/media/disk6/Dropbox/Camera Uploads/2014-05-26 16.07.44.jpg
src = 	/media/disk6/Dropbox/Camera Uploads/2014-05-26 16.07.44.jpg
dest = 	/media/disk1/Photos/2014/05/26 May 2014/2014-05-26 16.07.44.jpg
/media/disk6/Dropbox/Camera Uploads/2014-05-26 15.54.28.jpg
src = 	/media/disk6/Dropbox/Camera Uploads/2014-05-26 15.54.28.jpg
dest = 	/media/disk1/Photos/2014/05/26 May 2014/2014-05-26 15.54.28.jpg
/media/disk6/Dropbox/Camera Uploads/2014-05-26 16.16.37.jpg
src = 	/media/disk6/Dropbox/Camera Uploads/2014-05-26 16.16.37.jpg
dest = 	/media/disk1/Photos/2014/05/26 May 2014/2014-05-26 16.16.37.jpg
/media/disk6/Dropbox/Camera Uploads/2014-05-26 15.52.45.jpg
src = 	/media/disk6/Dropbox/Camera Uploads/2014-05-26 15.52.45.jpg
dest = 	/media/disk1/Photos/2014/05/26 May 2014/2014-05-26 15.52.45.jpg
/media/disk6/Dropbox/Camera Uploads/2014-05-30 10.15.30.jpg
src = 	/media/disk6/Dropbox/Camera Uploads/2014-05-30 10.15.30.jpg
dest = 	/media/disk1/Photos/2014/05/30 May 2014/2014-05-30 10.15.30.jpg
/media/disk6/Dropbox/Camera Uploads/2014-05-30 09.16.09.mp4
no exif moving to manual sort /media/disk6/Dropbox/Camera Uploads/2014-05-30 09.16.09.mp4
/media/disk6/Dropbox/Camera Uploads/2014-05-31 12.44.27.jpg
src = 	/media/disk6/Dropbox/Camera Uploads/2014-05-31 12.44.27.jpg
dest = 	/media/disk1/Photos/2014/05/31 May 2014/2014-05-31 12.44.27.jpg
/media/disk6/Dropbox/Camera Uploads/2014-05-31 12.44.55.jpg
src = 	/media/disk6/Dropbox/Camera Uploads/2014-05-31 12.44.55.jpg
dest = 	/media/disk1/Photos/2014/05/31 May 2014/2014-05-31 12.44.55.jpg
/media/disk6/Dropbox/Camera Uploads/2014-05-31 15.38.32.jpg
src = 	/media/disk6/Dropbox/Camera Uploads/2014-05-31 15.38.32.jpg
dest = 	/media/disk1/Photos/2014/05/31 May 2014/2014-05-31 15.38.32.jpg
/media/disk6/Dropbox/Camera Uploads/2014-05-31 15.38.36.jpg
src = 	/media/disk6/Dropbox/Camera Uploads/2014-05-31 15.38.36.jpg
dest = 	/media/disk1/Photos/2014/05/31 May 2014/2014-05-31 15.38.36.jpg
/media/disk6/Dropbox/Camera Uploads/2014-05-31 16.12.52.jpg
src = 	/media/disk6/Dropbox/Camera Uploads/2014-05-31 16.12.52.jpg
dest = 	/media/disk1/Photos/2014/05/31 May 2014/2014-05-31 16.12.52.jpg
/media/disk6/Dropbox/Camera Uploads/2014-05-31 15.52.36.jpg
src = 	/media/disk6/Dropbox/Camera Uploads/2014-05-31 15.52.36.jpg
dest = 	/media/disk1/Photos/2014/05/31 May 2014/2014-05-31 15.52.36.jpg
/media/disk6/Dropbox/Camera Uploads/2014-05-31 15.59.48.jpg
src = 	/media/disk6/Dropbox/Camera Uploads/2014-05-31 15.59.48.jpg
dest = 	/media/disk1/Photos/2014/05/31 May 2014/2014-05-31 15.59.48.jpg
/media/disk6/Dropbox/Camera Uploads/2014-05-31 15.52.47.jpg
src = 	/media/disk6/Dropbox/Camera Uploads/2014-05-31 15.52.47.jpg
dest = 	/media/disk1/Photos/2014/05/31 May 2014/2014-05-31 15.52.47.jpg
/media/disk6/Dropbox/Camera Uploads/2014-05-31 16.13.29.jpg
src = 	/media/disk6/Dropbox/Camera Uploads/2014-05-31 16.13.29.jpg
dest = 	/media/disk1/Photos/2014/05/31 May 2014/2014-05-31 16.13.29.jpg
/media/disk6/Dropbox/Camera Uploads/2014-05-31 15.52.44.jpg
src = 	/media/disk6/Dropbox/Camera Uploads/2014-05-31 15.52.44.jpg
dest = 	/media/disk1/Photos/2014/05/31 May 2014/2014-05-31 15.52.44.jpg
/media/disk6/Dropbox/Camera Uploads/2014-05-31 15.59.42.jpg
src = 	/media/disk6/Dropbox/Camera Uploads/2014-05-31 15.59.42.jpg
dest = 	/media/disk1/Photos/2014/05/31 May 2014/2014-05-31 15.59.42.jpg
/media/disk6/Dropbox/Camera Uploads/2014-05-31 18.22.08.jpg
src = 	/media/disk6/Dropbox/Camera Uploads/2014-05-31 18.22.08.jpg
dest = 	/media/disk1/Photos/2014/05/31 May 2014/2014-05-31 18.22.08.jpg
/media/disk6/Dropbox/Camera Uploads/2014-05-31 19.54.26.jpg
src = 	/media/disk6/Dropbox/Camera Uploads/2014-05-31 19.54.26.jpg
dest = 	/media/disk1/Photos/2014/05/31 May 2014/2014-05-31 19.54.26.jpg
/media/disk6/Dropbox/Camera Uploads/2014-05-31 20.59.27.mp4
no exif moving to manual sort /media/disk6/Dropbox/Camera Uploads/2014-05-31 20.59.27.mp4
/media/disk6/Dropbox/Camera Uploads/2014-05-31 20.48.52.mp4
no exif moving to manual sort /media/disk6/Dropbox/Camera Uploads/2014-05-31 20.48.52.mp4
/media/disk6/Dropbox/Camera Uploads/2014-05-31 22.07.44.jpg
src = 	/media/disk6/Dropbox/Camera Uploads/2014-05-31 22.07.44.jpg
dest = 	/media/disk1/Photos/2014/05/31 May 2014/2014-05-31 22.07.44.jpg
/media/disk6/Dropbox/Camera Uploads/2014-05-31 23.28.00.jpg
src = 	/media/disk6/Dropbox/Camera Uploads/2014-05-31 23.28.00.jpg
dest = 	/media/disk1/Photos/2014/05/31 May 2014/2014-05-31 23.28.00.jpg
/media/disk6/Dropbox/Camera Uploads/2014-05-31 23.28.05.jpg
src = 	/media/disk6/Dropbox/Camera Uploads/2014-05-31 23.28.05.jpg
dest = 	/media/disk1/Photos/2014/05/31 May 2014/2014-05-31 23.28.05.jpg
/media/disk6/Dropbox/Camera Uploads/2014-06-01 00.53.22.jpg
src = 	/media/disk6/Dropbox/Camera Uploads/2014-06-01 00.53.22.jpg
dest = 	/media/disk1/Photos/2014/06/01 June 2014/2014-06-01 00.53.22.jpg
/media/disk6/Dropbox/Camera Uploads/2014-05-31 22.07.47.jpg
src = 	/media/disk6/Dropbox/Camera Uploads/2014-05-31 22.07.47.jpg
dest = 	/media/disk1/Photos/2014/05/31 May 2014/2014-05-31 22.07.47.jpg
/media/disk6/Dropbox/Camera Uploads/2014-05-31 22.07.45.jpg
src = 	/media/disk6/Dropbox/Camera Uploads/2014-05-31 22.07.45.jpg
dest = 	/media/disk1/Photos/2014/05/31 May 2014/2014-05-31 22.07.45.jpg
/media/disk6/Dropbox/Camera Uploads/2014-06-01 00.53.27.jpg
src = 	/media/disk6/Dropbox/Camera Uploads/2014-06-01 00.53.27.jpg
dest = 	/media/disk1/Photos/2014/06/01 June 2014/2014-06-01 00.53.27.jpg
/media/disk6/Dropbox/Camera Uploads/2014-05-31 22.08.03.jpg
src = 	/media/disk6/Dropbox/Camera Uploads/2014-05-31 22.08.03.jpg
dest = 	/media/disk1/Photos/2014/05/31 May 2014/2014-05-31 22.08.03.jpg
/media/disk6/Dropbox/Camera Uploads/2014-05-31 22.07.41.jpg
src = 	/media/disk6/Dropbox/Camera Uploads/2014-05-31 22.07.41.jpg
dest = 	/media/disk1/Photos/2014/05/31 May 2014/2014-05-31 22.07.41.jpg
/media/disk6/Dropbox/Camera Uploads/2014-05-31 23.28.08.jpg
src = 	/media/disk6/Dropbox/Camera Uploads/2014-05-31 23.28.08.jpg
dest = 	/media/disk1/Photos/2014/05/31 May 2014/2014-05-31 23.28.08.jpg
/media/disk6/Dropbox/Camera Uploads/2014-06-01 14.20.49.jpg
src = 	/media/disk6/Dropbox/Camera Uploads/2014-06-01 14.20.49.jpg
dest = 	/media/disk1/Photos/2014/06/01 June 2014/2014-06-01 14.20.49.jpg
/media/disk6/Dropbox/Camera Uploads/2014-06-02 06.33.30.jpg
src = 	/media/disk6/Dropbox/Camera Uploads/2014-06-02 06.33.30.jpg
dest = 	/media/disk1/Photos/2014/06/02 June 2014/2014-06-02 06.33.30.jpg
/media/disk6/Dropbox/Camera Uploads/2014-06-02 06.29.26.jpg
src = 	/media/disk6/Dropbox/Camera Uploads/2014-06-02 06.29.26.jpg
dest = 	/media/disk1/Photos/2014/06/02 June 2014/2014-06-02 06.29.26.jpg
/media/disk6/Dropbox/Camera Uploads/2014-06-02 06.30.22.jpg
src = 	/media/disk6/Dropbox/Camera Uploads/2014-06-02 06.30.22.jpg
dest = 	/media/disk1/Photos/2014/06/02 June 2014/2014-06-02 06.30.22.jpg
/media/disk6/Dropbox/Camera Uploads/2014-06-02 06.28.23.jpg
src = 	/media/disk6/Dropbox/Camera Uploads/2014-06-02 06.28.23.jpg
dest = 	/media/disk1/Photos/2014/06/02 June 2014/2014-06-02 06.28.23.jpg
/media/disk6/Dropbox/Camera Uploads/2014-06-02 06.29.51.jpg
src = 	/media/disk6/Dropbox/Camera Uploads/2014-06-02 06.29.51.jpg
dest = 	/media/disk1/Photos/2014/06/02 June 2014/2014-06-02 06.29.51.jpg
/media/disk6/Dropbox/Camera Uploads/2014-06-02 06.28.17.jpg
src = 	/media/disk6/Dropbox/Camera Uploads/2014-06-02 06.28.17.jpg
dest = 	/media/disk1/Photos/2014/06/02 June 2014/2014-06-02 06.28.17.jpg
/media/disk6/Dropbox/Camera Uploads/2014-06-02 06.28.48.jpg
src = 	/media/disk6/Dropbox/Camera Uploads/2014-06-02 06.28.48.jpg
dest = 	/media/disk1/Photos/2014/06/02 June 2014/2014-06-02 06.28.48.jpg
/media/disk6/Dropbox/Camera Uploads/2014-06-02 06.33.44.jpg
src = 	/media/disk6/Dropbox/Camera Uploads/2014-06-02 06.33.44.jpg
dest = 	/media/disk1/Photos/2014/06/02 June 2014/2014-06-02 06.33.44.jpg
/media/disk6/Dropbox/Camera Uploads/2014-06-02 06.32.11.jpg
src = 	/media/disk6/Dropbox/Camera Uploads/2014-06-02 06.32.11.jpg
dest = 	/media/disk1/Photos/2014/06/02 June 2014/2014-06-02 06.32.11.jpg
/media/disk6/Dropbox/Camera Uploads/2014-06-02 06.29.01.jpg
src = 	/media/disk6/Dropbox/Camera Uploads/2014-06-02 06.29.01.jpg
dest = 	/media/disk1/Photos/2014/06/02 June 2014/2014-06-02 06.29.01.jpg
/media/disk6/Dropbox/Camera Uploads/2014-06-02 06.28.38.jpg
src = 	/media/disk6/Dropbox/Camera Uploads/2014-06-02 06.28.38.jpg
dest = 	/media/disk1/Photos/2014/06/02 June 2014/2014-06-02 06.28.38.jpg
/media/disk6/Dropbox/Camera Uploads/2014-06-02 06.29.58.jpg
src = 	/media/disk6/Dropbox/Camera Uploads/2014-06-02 06.29.58.jpg
dest = 	/media/disk1/Photos/2014/06/02 June 2014/2014-06-02 06.29.58.jpg
/media/disk6/Dropbox/Camera Uploads/2014-06-02 06.30.36.jpg
src = 	/media/disk6/Dropbox/Camera Uploads/2014-06-02 06.30.36.jpg
dest = 	/media/disk1/Photos/2014/06/02 June 2014/2014-06-02 06.30.36.jpg
/media/disk6/Dropbox/Camera Uploads/2014-06-02 06.28.04.jpg
src = 	/media/disk6/Dropbox/Camera Uploads/2014-06-02 06.28.04.jpg
dest = 	/media/disk1/Photos/2014/06/02 June 2014/2014-06-02 06.28.04.jpg
/media/disk6/Dropbox/Camera Uploads/2014-06-02 07.11.04.jpg
src = 	/media/disk6/Dropbox/Camera Uploads/2014-06-02 07.11.04.jpg
dest = 	/media/disk1/Photos/2014/06/02 June 2014/2014-06-02 07.11.04.jpg
/media/disk6/Dropbox/Camera Uploads/2014-06-02 07.11.13.jpg
src = 	/media/disk6/Dropbox/Camera Uploads/2014-06-02 07.11.13.jpg
dest = 	/media/disk1/Photos/2014/06/02 June 2014/2014-06-02 07.11.13.jpg
/media/disk6/Dropbox/Camera Uploads/2014-06-02 07.26.33.jpg
src = 	/media/disk6/Dropbox/Camera Uploads/2014-06-02 07.26.33.jpg
dest = 	/media/disk1/Photos/2014/06/02 June 2014/2014-06-02 07.26.33.jpg
/media/disk6/Dropbox/Camera Uploads/2014-06-02 07.20.20.jpg
src = 	/media/disk6/Dropbox/Camera Uploads/2014-06-02 07.20.20.jpg
dest = 	/media/disk1/Photos/2014/06/02 June 2014/2014-06-02 07.20.20.jpg
/media/disk6/Dropbox/Camera Uploads/2014-06-02 07.26.29.jpg
src = 	/media/disk6/Dropbox/Camera Uploads/2014-06-02 07.26.29.jpg
dest = 	/media/disk1/Photos/2014/06/02 June 2014/2014-06-02 07.26.29.jpg
/media/disk6/Dropbox/Camera Uploads/2014-06-02 07.26.27.jpg
src = 	/media/disk6/Dropbox/Camera Uploads/2014-06-02 07.26.27.jpg
dest = 	/media/disk1/Photos/2014/06/02 June 2014/2014-06-02 07.26.27.jpg
/media/disk6/Dropbox/Camera Uploads/2014-06-02 06.12.22.mp4
no exif moving to manual sort /media/disk6/Dropbox/Camera Uploads/2014-06-02 06.12.22.mp4
/media/disk6/Dropbox/Camera Uploads/2014-06-02 08.14.49.jpg
src = 	/media/disk6/Dropbox/Camera Uploads/2014-06-02 08.14.49.jpg
dest = 	/media/disk1/Photos/2014/06/02 June 2014/2014-06-02 08.14.49.jpg
/media/disk6/Dropbox/Camera Uploads/2014-06-02 08.14.36.jpg
src = 	/media/disk6/Dropbox/Camera Uploads/2014-06-02 08.14.36.jpg
dest = 	/media/disk1/Photos/2014/06/02 June 2014/2014-06-02 08.14.36.jpg
/media/disk6/Dropbox/Camera Uploads/2014-06-02 14.06.41.jpg
src = 	/media/disk6/Dropbox/Camera Uploads/2014-06-02 14.06.41.jpg
dest = 	/media/disk1/Photos/2014/06/02 June 2014/2014-06-02 14.06.41.jpg
/media/disk6/Dropbox/Camera Uploads/2014-06-02 14.08.48.jpg
src = 	/media/disk6/Dropbox/Camera Uploads/2014-06-02 14.08.48.jpg
dest = 	/media/disk1/Photos/2014/06/02 June 2014/2014-06-02 14.08.48.jpg
/media/disk6/Dropbox/Camera Uploads/2014-06-02 13.09.50.gif
no exif moving to manual sort /media/disk6/Dropbox/Camera Uploads/2014-06-02 13.09.50.gif
/media/disk6/Dropbox/Camera Uploads/2014-06-02 15.25.49.jpg
src = 	/media/disk6/Dropbox/Camera Uploads/2014-06-02 15.25.49.jpg
dest = 	/media/disk1/Photos/2014/06/02 June 2014/2014-06-02 15.25.49.jpg
/media/disk6/Dropbox/Camera Uploads/2014-06-02 15.28.36.jpg
src = 	/media/disk6/Dropbox/Camera Uploads/2014-06-02 15.28.36.jpg
dest = 	/media/disk1/Photos/2014/06/02 June 2014/2014-06-02 15.28.36.jpg
/media/disk6/Dropbox/Camera Uploads/2014-06-02 15.26.25.jpg
src = 	/media/disk6/Dropbox/Camera Uploads/2014-06-02 15.26.25.jpg
dest = 	/media/disk1/Photos/2014/06/02 June 2014/2014-06-02 15.26.25.jpg
/media/disk6/Dropbox/Camera Uploads/2014-06-02 15.28.33.jpg
src = 	/media/disk6/Dropbox/Camera Uploads/2014-06-02 15.28.33.jpg
dest = 	/media/disk1/Photos/2014/06/02 June 2014/2014-06-02 15.28.33.jpg
/media/disk6/Dropbox/Camera Uploads/2014-06-02 15.20.20.jpg
src = 	/media/disk6/Dropbox/Camera Uploads/2014-06-02 15.20.20.jpg
dest = 	/media/disk1/Photos/2014/06/02 June 2014/2014-06-02 15.20.20.jpg
/media/disk6/Dropbox/Camera Uploads/2014-06-02 14.20.05.gif
no exif moving to manual sort /media/disk6/Dropbox/Camera Uploads/2014-06-02 14.20.05.gif
/media/disk6/Dropbox/Camera Uploads/2014-06-02 15.26.23.jpg
src = 	/media/disk6/Dropbox/Camera Uploads/2014-06-02 15.26.23.jpg
dest = 	/media/disk1/Photos/2014/06/02 June 2014/2014-06-02 15.26.23.jpg
/media/disk6/Dropbox/Camera Uploads/2014-06-02 15.26.30.jpg
src = 	/media/disk6/Dropbox/Camera Uploads/2014-06-02 15.26.30.jpg
dest = 	/media/disk1/Photos/2014/06/02 June 2014/2014-06-02 15.26.30.jpg
/media/disk6/Dropbox/Camera Uploads/2014-06-02 15.24.27.jpg
src = 	/media/disk6/Dropbox/Camera Uploads/2014-06-02 15.24.27.jpg
dest = 	/media/disk1/Photos/2014/06/02 June 2014/2014-06-02 15.24.27.jpg
/media/disk6/Dropbox/Camera Uploads/2014-06-02 17.52.13.jpg
src = 	/media/disk6/Dropbox/Camera Uploads/2014-06-02 17.52.13.jpg
dest = 	/media/disk1/Photos/2014/06/02 June 2014/2014-06-02 17.52.13.jpg
/media/disk6/Dropbox/Camera Uploads/2014-06-02 17.52.05.jpg
src = 	/media/disk6/Dropbox/Camera Uploads/2014-06-02 17.52.05.jpg
dest = 	/media/disk1/Photos/2014/06/02 June 2014/2014-06-02 17.52.05.jpg
/media/disk6/Dropbox/Camera Uploads/2014-06-02 16.52.34.mp4
no exif moving to manual sort /media/disk6/Dropbox/Camera Uploads/2014-06-02 16.52.34.mp4
/media/disk6/Dropbox/Camera Uploads/2014-06-02 17.52.19.jpg
src = 	/media/disk6/Dropbox/Camera Uploads/2014-06-02 17.52.19.jpg
dest = 	/media/disk1/Photos/2014/06/02 June 2014/2014-06-02 17.52.19.jpg
/media/disk6/Dropbox/Camera Uploads/2014-06-02 17.52.09.jpg
src = 	/media/disk6/Dropbox/Camera Uploads/2014-06-02 17.52.09.jpg
dest = 	/media/disk1/Photos/2014/06/02 June 2014/2014-06-02 17.52.09.jpg
/media/disk6/Dropbox/Camera Uploads from Sarah/2014-06-04 06.41.24.jpg
src = 	/media/disk6/Dropbox/Camera Uploads from Sarah/2014-06-04 06.41.24.jpg
dest = 	/media/disk1/Photos/2014/06/04 June 2014/2014-06-04 06.41.24.jpg
/media/disk6/Dropbox/Camera Uploads from Sarah/2014-06-04 06.41.14.jpg
src = 	/media/disk6/Dropbox/Camera Uploads from Sarah/2014-06-04 06.41.14.jpg
dest = 	/media/disk1/Photos/2014/06/04 June 2014/2014-06-04 06.41.14.jpg
/media/disk6/Dropbox/Camera Uploads from Sarah/2014-06-04 06.41.28.jpg
src = 	/media/disk6/Dropbox/Camera Uploads from Sarah/2014-06-04 06.41.28.jpg
dest = 	/media/disk1/Photos/2014/06/04 June 2014/2014-06-04 06.41.28.jpg
/media/disk6/Dropbox/Camera Uploads from Sarah/2014-06-04 06.41.12.jpg
src = 	/media/disk6/Dropbox/Camera Uploads from Sarah/2014-06-04 06.41.12.jpg
dest = 	/media/disk1/Photos/2014/06/04 June 2014/2014-06-04 06.41.12.jpg
/media/disk6/Dropbox/Camera Uploads from Sarah/2014-06-04 06.40.56.jpg
src = 	/media/disk6/Dropbox/Camera Uploads from Sarah/2014-06-04 06.40.56.jpg
dest = 	/media/disk1/Photos/2014/06/04 June 2014/2014-06-04 06.40.56.jpg
